
This GDB supports auto-downloading debuginfo from the following URLs:
  <https://debuginfod.ubuntu.com>
Debuginfod has been disabled.
To make this setting permanent, add 'set debuginfod enabled off' to .gdbinit.
[Thread debugging using libthread_db enabled]
Using host libthread_db library "/lib/x86_64-linux-gnu/libthread_db.so.1".
warning: could not find '.gnu_debugaltlink' file for /lib/x86_64-linux-gnu/libcap.so.2
[Detaching after fork from child process 72327]
[New Thread 0x7fffec09a000 (LWP 72330)]
warning: could not find '.gnu_debugaltlink' file for /usr/lib/x86_64-linux-gnu/pmix2/lib/pmix/pmix_mca_pcompress_zlib.so
[New Thread 0x7fffeb5ff000 (LWP 72332)]
warning: could not find '.gnu_debugaltlink' file for /usr/lib/x86_64-linux-gnu/hwloc/hwloc_xml_libxml.so
warning: could not find '.gnu_debugaltlink' file for /usr/lib/x86_64-linux-gnu/hwloc/hwloc_gl.so
warning: could not find '.gnu_debugaltlink' file for /usr/lib/x86_64-linux-gnu/hwloc/hwloc_pci.so
warning: could not find '.gnu_debugaltlink' file for /usr/lib/x86_64-linux-gnu/hwloc/hwloc_opencl.so
[New Thread 0x7fffe21ff000 (LWP 72364)]
[New Thread 0x7fffe15ff000 (LWP 72365)]
[Thread 0x7fffe15ff000 (LWP 72365) exited]
[New Thread 0x7fffe15ff000 (LWP 72366)]
[New Thread 0x7fffd1fff000 (LWP 72367)]
[2025-11-03T18:10:53.745070938Z DEBUG blue_rdma_driver::verbs::core] before create hardware ctx
[2025-11-03T18:10:53.745180466Z DEBUG blue_rdma_driver::verbs::core] before load default
[2025-11-03T18:10:53.745207726Z WARN  blue_rdma_driver::config] can't load config from /etc/bluerdma/config.toml, using default value
[2025-11-03T18:10:53.745230190Z DEBUG blue_rdma_driver::verbs::core] before open default
[2025-11-03T18:10:53.745530829Z INFO  bluerdma_rust::rxe::ctx_ops] Querying device attributes
[2025-11-03T18:10:53.745575395Z INFO  bluerdma_rust::rxe::ctx_ops] Querying port attributes
[New Thread 0x7fffc09ff000 (LWP 72380)]
[2025-11-03T18:10:53.746326426Z DEBUG blue_rdma_driver::verbs::core] before create hardware ctx
[2025-11-03T18:10:53.746378671Z DEBUG blue_rdma_driver::verbs::core] before load default
[2025-11-03T18:10:53.746406546Z WARN  blue_rdma_driver::config] can't load config from /etc/bluerdma/config.toml, using default value
[2025-11-03T18:10:53.746433603Z DEBUG blue_rdma_driver::verbs::core] before open default
[2025-11-03T18:10:53.746715440Z INFO  bluerdma_rust::rxe::ctx_ops] Querying device attributes
[2025-11-03T18:10:53.746749483Z INFO  bluerdma_rust::rxe::ctx_ops] Querying port attributes
[New Thread 0x7fffc01fe000 (LWP 72381)]

Thread 1 "simple_test" received signal SIGSEGV, Segmentation fault.
0x00007fffecb4e63f in ?? () from /lib/x86_64-linux-gnu/libnccl.so.2
#0  0x00007fffecb4e63f in ?? () from /lib/x86_64-linux-gnu/libnccl.so.2
#1  0x00007fffeca85f89 in ?? () from /lib/x86_64-linux-gnu/libnccl.so.2
#2  0x00007fffeca9d7e5 in ?? () from /lib/x86_64-linux-gnu/libnccl.so.2
#3  0x00007fffeca7f691 in ?? () from /lib/x86_64-linux-gnu/libnccl.so.2
#4  0x00007fffeca8e6e7 in ?? () from /lib/x86_64-linux-gnu/libnccl.so.2
#5  0x00007fffeca8ffb2 in pncclCommInitRank () from /lib/x86_64-linux-gnu/libnccl.so.2
#6  0x0000555555565a50 in main (argc=1, argv=0x7fffffffcba8) at simple_test.cpp:27
process 72324
Mapped address spaces:

          Start Addr           End Addr       Size     Offset  Perms  objfile
         0x200000000        0x200600000   0x600000        0x0  rw-s   /dev/zero (deleted)
         0x200600000        0x202a00000  0x2400000        0x0  ---p   
         0x202a00000        0x202c00000   0x200000        0x0  rw-s   /dev/zero (deleted)
         0x202c00000        0x203c00000  0x1000000        0x0  ---p   
         0x203c00000        0x203e00000   0x200000        0x0  rw-s   /dev/zero (deleted)
         0x203e00000        0x204000000   0x200000        0x0  ---p   
         0x204000000        0x204200000   0x200000        0x0  rw-s   /dev/zero (deleted)
         0x204200000        0x204400000   0x200000        0x0  rw-s   /dev/zero (deleted)
         0x204400000        0x204800000   0x400000        0x0  ---p   
         0x204800000        0x204a00000   0x200000        0x0  rw-s   /dev/zero (deleted)
         0x204a00000        0x204c00000   0x200000        0x0  rw-s   /dev/zero (deleted)
         0x204c00000        0x204e00000   0x200000        0x0  rw-s   /dev/zero (deleted)
         0x204e00000        0x205000000   0x200000        0x0  rw-s   /dev/zero (deleted)
         0x205000000        0xb00000000 0x8fb000000        0x0  ---p   
      0x155558000000     0x15555800d000     0xd000        0x0  rw-s   /tmp/pmix-gds-shmem.DESKTOP-M211L3D-3249274881.session.ffffffff.72327
      0x2aaaac000000     0x2aaaac00d000     0xd000        0x0  rw-s   /tmp/pmix-gds-shmem.DESKTOP-M211L3D-3249274881.jobdata.72327
      0x555555554000     0x55555555b000     0x7000        0x0  r--p   /home/peng/projects/rdma_all/nccl_test/simple_test
      0x55555555b000     0x55555556b000    0x10000     0x7000  r-xp   /home/peng/projects/rdma_all/nccl_test/simple_test
      0x55555556b000     0x555555572000     0x7000    0x17000  r--p   /home/peng/projects/rdma_all/nccl_test/simple_test
      0x555555572000     0x555555574000     0x2000    0x1d000  r--p   /home/peng/projects/rdma_all/nccl_test/simple_test
      0x555555574000     0x555555575000     0x1000    0x1f000  rw-p   /home/peng/projects/rdma_all/nccl_test/simple_test
      0x555555575000     0x555559fc2000  0x4a4d000        0x0  rw-p   [heap]
      0x7fffbf9fe000     0x7fffbf9ff000     0x1000        0x0  ---p   
      0x7fffbf9ff000     0x7fffc01ff000   0x800000        0x0  rw-p   
      0x7fffc01ff000     0x7fffc0200000     0x1000        0x0  ---p   
      0x7fffc0200000     0x7fffc0a00000   0x800000        0x0  rw-p   
      0x7fffc0a00000     0x7fffc0bda000   0x1da000        0x0  r--p   /home/peng/projects/rdma_all/blue-rdma-driver/dtld-ibverbs/target/debug/libbluerdma_rust.so
      0x7fffc0bda000     0x7fffc116d000   0x593000   0x1d9000  r-xp   /home/peng/projects/rdma_all/blue-rdma-driver/dtld-ibverbs/target/debug/libbluerdma_rust.so
      0x7fffc116d000     0x7fffc11c3000    0x56000   0x76b000  r--p   /home/peng/projects/rdma_all/blue-rdma-driver/dtld-ibverbs/target/debug/libbluerdma_rust.so
      0x7fffc11c3000     0x7fffc11c4000     0x1000   0x7c0000  rw-p   /home/peng/projects/rdma_all/blue-rdma-driver/dtld-ibverbs/target/debug/libbluerdma_rust.so
      0x7fffc1200000     0x7fffc35e7000  0x23e7000        0x0  r-xp   /usr/lib/wsl/drivers/nv_dispi.inf_amd64_d471cab2f241c3c2/libnvidia-ptxjitcompiler.so.1
      0x7fffc35e7000     0x7fffc37e7000   0x200000  0x23e7000  ---p   /usr/lib/wsl/drivers/nv_dispi.inf_amd64_d471cab2f241c3c2/libnvidia-ptxjitcompiler.so.1
      0x7fffc37e7000     0x7fffc3d4e000   0x567000  0x23e7000  r--p   /usr/lib/wsl/drivers/nv_dispi.inf_amd64_d471cab2f241c3c2/libnvidia-ptxjitcompiler.so.1
      0x7fffc3d4e000     0x7fffc3d53000     0x5000  0x294e000  rw-p   /usr/lib/wsl/drivers/nv_dispi.inf_amd64_d471cab2f241c3c2/libnvidia-ptxjitcompiler.so.1
      0x7fffc3d53000     0x7fffc3d6d000    0x1a000        0x0  rw-p   
      0x7fffc3e38000     0x7fffc9e00000  0x5fc8000        0x0  rw-p   
      0x7fffc9e00000     0x7fffcc000000  0x2200000        0x0  rw-s   /dev/zero (deleted)
      0x7fffcc000000     0x7fffcc021000    0x21000        0x0  rw-p   
      0x7fffcc021000     0x7fffd0000000  0x3fdf000        0x0  ---p   
      0x7fffd06a2000     0x7fffd07ff000   0x15d000        0x0  rw-p   
      0x7fffd07ff000     0x7fffd09ff000   0x200000        0x0  rw-s   /dev/zero (deleted)
      0x7fffd09ff000     0x7fffd0bff000   0x200000        0x0  rw-s   /dev/zero (deleted)
      0x7fffd0bff000     0x7fffd0dff000   0x200000        0x0  rw-s   /dev/zero (deleted)
      0x7fffd0dff000     0x7fffd0fff000   0x200000        0x0  rw-s   /dev/zero (deleted)
      0x7fffd0fff000     0x7fffd11ff000   0x200000        0x0  rw-s   /dev/zero (deleted)
      0x7fffd11ff000     0x7fffd13ff000   0x200000        0x0  rw-s   /dev/zero (deleted)
      0x7fffd13ff000     0x7fffd15ff000   0x200000        0x0  rw-s   /dev/zero (deleted)
      0x7fffd15ff000     0x7fffd17ff000   0x200000        0x0  rw-s   /dev/zero (deleted)
      0x7fffd17ff000     0x7fffd1800000     0x1000        0x0  ---p   
      0x7fffd1800000     0x7fffd2000000   0x800000        0x0  rw-p   
      0x7fffd2000000     0x7fffd8000000  0x6000000        0x0  ---p   
      0x7fffd8000000     0x7fffd8021000    0x21000        0x0  rw-p   
      0x7fffd8021000     0x7fffdc000000  0x3fdf000        0x0  ---p   
      0x7fffdc000000     0x7fffdc021000    0x21000        0x0  rw-p   
      0x7fffdc021000     0x7fffe0000000  0x3fdf000        0x0  ---p   
      0x7fffe0024000     0x7fffe002c000     0x8000        0x0  r--p   /home/peng/projects/rdma_all/blue-rdma-driver/dtld-ibverbs/rdma-core-55.0/build/lib/libmlx5.so.1.25.55.0
      0x7fffe002c000     0x7fffe0081000    0x55000     0x8000  r-xp   /home/peng/projects/rdma_all/blue-rdma-driver/dtld-ibverbs/rdma-core-55.0/build/lib/libmlx5.so.1.25.55.0
      0x7fffe0081000     0x7fffe0093000    0x12000    0x5d000  r--p   /home/peng/projects/rdma_all/blue-rdma-driver/dtld-ibverbs/rdma-core-55.0/build/lib/libmlx5.so.1.25.55.0
      0x7fffe0093000     0x7fffe0094000     0x1000    0x6f000  r--p   /home/peng/projects/rdma_all/blue-rdma-driver/dtld-ibverbs/rdma-core-55.0/build/lib/libmlx5.so.1.25.55.0
      0x7fffe0094000     0x7fffe0095000     0x1000    0x70000  rw-p   /home/peng/projects/rdma_all/blue-rdma-driver/dtld-ibverbs/rdma-core-55.0/build/lib/libmlx5.so.1.25.55.0
      0x7fffe0095000     0x7fffe0098000     0x3000        0x0  rw-p   
      0x7fffe0098000     0x7fffe0298000   0x200000        0x0  rw-s   /dev/zero (deleted)
      0x7fffe0298000     0x7fffe0498000   0x200000        0x0  rw-s   /dev/zero (deleted)
      0x7fffe0498000     0x7fffe0698000   0x200000        0x0  rw-s   /dev/zero (deleted)
      0x7fffe0698000     0x7fffe0dff000   0x767000        0x0  rw-p   
      0x7fffe0dff000     0x7fffe0e00000     0x1000        0x0  ---p   
      0x7fffe0e00000     0x7fffe1600000   0x800000        0x0  rw-p   
      0x7fffe1600000     0x7fffe160d000     0xd000        0x0  r-xp   /usr/lib/wsl/drivers/nv_dispi.inf_amd64_d471cab2f241c3c2/libnvdxgdmal.so.1
      0x7fffe160d000     0x7fffe180d000   0x200000     0xd000  ---p   /usr/lib/wsl/drivers/nv_dispi.inf_amd64_d471cab2f241c3c2/libnvdxgdmal.so.1
      0x7fffe180d000     0x7fffe180f000     0x2000     0xd000  r--p   /usr/lib/wsl/drivers/nv_dispi.inf_amd64_d471cab2f241c3c2/libnvdxgdmal.so.1
      0x7fffe180f000     0x7fffe1810000     0x1000     0xf000  rw-p   /usr/lib/wsl/drivers/nv_dispi.inf_amd64_d471cab2f241c3c2/libnvdxgdmal.so.1
      0x7fffe184f000     0x7fffe1850000     0x1000        0x0  r--p   /home/peng/projects/rdma_all/blue-rdma-driver/dtld-ibverbs/rdma-core-55.0/build/lib/libbluerdma-rdmav34.so
      0x7fffe1850000     0x7fffe1852000     0x2000     0x1000  r-xp   /home/peng/projects/rdma_all/blue-rdma-driver/dtld-ibverbs/rdma-core-55.0/build/lib/libbluerdma-rdmav34.so
      0x7fffe1852000     0x7fffe1854000     0x2000     0x3000  r--p   /home/peng/projects/rdma_all/blue-rdma-driver/dtld-ibverbs/rdma-core-55.0/build/lib/libbluerdma-rdmav34.so
      0x7fffe1854000     0x7fffe1855000     0x1000     0x4000  r--p   /home/peng/projects/rdma_all/blue-rdma-driver/dtld-ibverbs/rdma-core-55.0/build/lib/libbluerdma-rdmav34.so
      0x7fffe1855000     0x7fffe1856000     0x1000     0x5000  rw-p   /home/peng/projects/rdma_all/blue-rdma-driver/dtld-ibverbs/rdma-core-55.0/build/lib/libbluerdma-rdmav34.so
      0x7fffe1856000     0x7fffe1858000     0x2000        0x0  r--p   /home/peng/projects/rdma_all/blue-rdma-driver/dtld-ibverbs/rdma-core-55.0/build/lib/libipathverbs-rdmav34.so
      0x7fffe1858000     0x7fffe185a000     0x2000     0x2000  r-xp   /home/peng/projects/rdma_all/blue-rdma-driver/dtld-ibverbs/rdma-core-55.0/build/lib/libipathverbs-rdmav34.so
      0x7fffe185a000     0x7fffe185b000     0x1000     0x4000  r--p   /home/peng/projects/rdma_all/blue-rdma-driver/dtld-ibverbs/rdma-core-55.0/build/lib/libipathverbs-rdmav34.so
      0x7fffe185b000     0x7fffe185c000     0x1000     0x5000  r--p   /home/peng/projects/rdma_all/blue-rdma-driver/dtld-ibverbs/rdma-core-55.0/build/lib/libipathverbs-rdmav34.so
      0x7fffe185c000     0x7fffe185d000     0x1000     0x6000  rw-p   /home/peng/projects/rdma_all/blue-rdma-driver/dtld-ibverbs/rdma-core-55.0/build/lib/libipathverbs-rdmav34.so
      0x7fffe185d000     0x7fffe185f000     0x2000        0x0  r--p   /home/peng/projects/rdma_all/blue-rdma-driver/dtld-ibverbs/rdma-core-55.0/build/lib/liberdma-rdmav34.so
      0x7fffe185f000     0x7fffe1862000     0x3000     0x2000  r-xp   /home/peng/projects/rdma_all/blue-rdma-driver/dtld-ibverbs/rdma-core-55.0/build/lib/liberdma-rdmav34.so
      0x7fffe1862000     0x7fffe1863000     0x1000     0x5000  r--p   /home/peng/projects/rdma_all/blue-rdma-driver/dtld-ibverbs/rdma-core-55.0/build/lib/liberdma-rdmav34.so
      0x7fffe1863000     0x7fffe1864000     0x1000     0x5000  r--p   /home/peng/projects/rdma_all/blue-rdma-driver/dtld-ibverbs/rdma-core-55.0/build/lib/liberdma-rdmav34.so
      0x7fffe1864000     0x7fffe1865000     0x1000     0x6000  rw-p   /home/peng/projects/rdma_all/blue-rdma-driver/dtld-ibverbs/rdma-core-55.0/build/lib/liberdma-rdmav34.so
      0x7fffe1865000     0x7fffe1867000     0x2000        0x0  r--p   /home/peng/projects/rdma_all/blue-rdma-driver/dtld-ibverbs/rdma-core-55.0/build/lib/librxe-rdmav34.so
      0x7fffe1867000     0x7fffe186b000     0x4000     0x2000  r-xp   /home/peng/projects/rdma_all/blue-rdma-driver/dtld-ibverbs/rdma-core-55.0/build/lib/librxe-rdmav34.so
      0x7fffe186b000     0x7fffe186c000     0x1000     0x6000  r--p   /home/peng/projects/rdma_all/blue-rdma-driver/dtld-ibverbs/rdma-core-55.0/build/lib/librxe-rdmav34.so
      0x7fffe186c000     0x7fffe186d000     0x1000     0x7000  r--p   /home/peng/projects/rdma_all/blue-rdma-driver/dtld-ibverbs/rdma-core-55.0/build/lib/librxe-rdmav34.so
      0x7fffe186d000     0x7fffe186e000     0x1000     0x8000  rw-p   /home/peng/projects/rdma_all/blue-rdma-driver/dtld-ibverbs/rdma-core-55.0/build/lib/librxe-rdmav34.so
      0x7fffe186e000     0x7fffe19ff000   0x191000        0x0  rw-p   
      0x7fffe19ff000     0x7fffe1a00000     0x1000        0x0  ---p   
      0x7fffe1a00000     0x7fffe2200000   0x800000        0x0  rw-p   
      0x7fffe2200000     0x7fffe386d000  0x166d000        0x0  r-xp   /usr/lib/wsl/drivers/nv_dispi.inf_amd64_d471cab2f241c3c2/libcuda.so.1.1
      0x7fffe386d000     0x7fffe3a6d000   0x200000  0x166d000  ---p   /usr/lib/wsl/drivers/nv_dispi.inf_amd64_d471cab2f241c3c2/libcuda.so.1.1
      0x7fffe3a6d000     0x7fffe3dad000   0x340000  0x166d000  r--p   /usr/lib/wsl/drivers/nv_dispi.inf_amd64_d471cab2f241c3c2/libcuda.so.1.1
      0x7fffe3dad000     0x7fffe3db4000     0x7000  0x19ad000  rw-p   /usr/lib/wsl/drivers/nv_dispi.inf_amd64_d471cab2f241c3c2/libcuda.so.1.1
      0x7fffe3db4000     0x7fffe3e21000    0x6d000        0x0  rw-p   
      0x7fffe3e26000     0x7fffe3e28000     0x2000        0x0  r--p   /home/peng/projects/rdma_all/blue-rdma-driver/dtld-ibverbs/rdma-core-55.0/build/lib/libocrdma-rdmav34.so
      0x7fffe3e28000     0x7fffe3e2c000     0x4000     0x2000  r-xp   /home/peng/projects/rdma_all/blue-rdma-driver/dtld-ibverbs/rdma-core-55.0/build/lib/libocrdma-rdmav34.so
      0x7fffe3e2c000     0x7fffe3e2d000     0x1000     0x6000  r--p   /home/peng/projects/rdma_all/blue-rdma-driver/dtld-ibverbs/rdma-core-55.0/build/lib/libocrdma-rdmav34.so
      0x7fffe3e2d000     0x7fffe3e2e000     0x1000     0x7000  r--p   /home/peng/projects/rdma_all/blue-rdma-driver/dtld-ibverbs/rdma-core-55.0/build/lib/libocrdma-rdmav34.so
      0x7fffe3e2e000     0x7fffe3e2f000     0x1000     0x8000  rw-p   /home/peng/projects/rdma_all/blue-rdma-driver/dtld-ibverbs/rdma-core-55.0/build/lib/libocrdma-rdmav34.so
      0x7fffe3e2f000     0x7fffe3e31000     0x2000        0x0  r--p   /home/peng/projects/rdma_all/blue-rdma-driver/dtld-ibverbs/rdma-core-55.0/build/lib/libhns.so.1.0.55.0
      0x7fffe3e31000     0x7fffe3e39000     0x8000     0x2000  r-xp   /home/peng/projects/rdma_all/blue-rdma-driver/dtld-ibverbs/rdma-core-55.0/build/lib/libhns.so.1.0.55.0
      0x7fffe3e39000     0x7fffe3e3b000     0x2000     0xa000  r--p   /home/peng/projects/rdma_all/blue-rdma-driver/dtld-ibverbs/rdma-core-55.0/build/lib/libhns.so.1.0.55.0
      0x7fffe3e3b000     0x7fffe3e3c000     0x1000     0xc000  r--p   /home/peng/projects/rdma_all/blue-rdma-driver/dtld-ibverbs/rdma-core-55.0/build/lib/libhns.so.1.0.55.0
      0x7fffe3e3c000     0x7fffe3e3d000     0x1000     0xd000  rw-p   /home/peng/projects/rdma_all/blue-rdma-driver/dtld-ibverbs/rdma-core-55.0/build/lib/libhns.so.1.0.55.0
      0x7fffe3e3d000     0x7fffe3e3f000     0x2000        0x0  r--p   /home/peng/projects/rdma_all/blue-rdma-driver/dtld-ibverbs/rdma-core-55.0/build/lib/libvmw_pvrdma-rdmav34.so
      0x7fffe3e3f000     0x7fffe3e42000     0x3000     0x2000  r-xp   /home/peng/projects/rdma_all/blue-rdma-driver/dtld-ibverbs/rdma-core-55.0/build/lib/libvmw_pvrdma-rdmav34.so
      0x7fffe3e42000     0x7fffe3e43000     0x1000     0x5000  r--p   /home/peng/projects/rdma_all/blue-rdma-driver/dtld-ibverbs/rdma-core-55.0/build/lib/libvmw_pvrdma-rdmav34.so
      0x7fffe3e43000     0x7fffe3e44000     0x1000     0x5000  r--p   /home/peng/projects/rdma_all/blue-rdma-driver/dtld-ibverbs/rdma-core-55.0/build/lib/libvmw_pvrdma-rdmav34.so
      0x7fffe3e44000     0x7fffe3e45000     0x1000     0x6000  rw-p   /home/peng/projects/rdma_all/blue-rdma-driver/dtld-ibverbs/rdma-core-55.0/build/lib/libvmw_pvrdma-rdmav34.so
      0x7fffe3e45000     0x7fffe3e47000     0x2000        0x0  r--p   /home/peng/projects/rdma_all/blue-rdma-driver/dtld-ibverbs/rdma-core-55.0/build/lib/libbnxt_re-rdmav34.so
      0x7fffe3e47000     0x7fffe3e4d000     0x6000     0x2000  r-xp   /home/peng/projects/rdma_all/blue-rdma-driver/dtld-ibverbs/rdma-core-55.0/build/lib/libbnxt_re-rdmav34.so
      0x7fffe3e4d000     0x7fffe3e4f000     0x2000     0x8000  r--p   /home/peng/projects/rdma_all/blue-rdma-driver/dtld-ibverbs/rdma-core-55.0/build/lib/libbnxt_re-rdmav34.so
      0x7fffe3e4f000     0x7fffe3e50000     0x1000     0x9000  r--p   /home/peng/projects/rdma_all/blue-rdma-driver/dtld-ibverbs/rdma-core-55.0/build/lib/libbnxt_re-rdmav34.so
      0x7fffe3e50000     0x7fffe3e51000     0x1000     0xa000  rw-p   /home/peng/projects/rdma_all/blue-rdma-driver/dtld-ibverbs/rdma-core-55.0/build/lib/libbnxt_re-rdmav34.so
      0x7fffe3e51000     0x7fffe3e53000     0x2000        0x0  r--p   /home/peng/projects/rdma_all/blue-rdma-driver/dtld-ibverbs/rdma-core-55.0/build/lib/libirdma-rdmav34.so
      0x7fffe3e53000     0x7fffe3e59000     0x6000     0x2000  r-xp   /home/peng/projects/rdma_all/blue-rdma-driver/dtld-ibverbs/rdma-core-55.0/build/lib/libirdma-rdmav34.so
      0x7fffe3e59000     0x7fffe3e5b000     0x2000     0x8000  r--p   /home/peng/projects/rdma_all/blue-rdma-driver/dtld-ibverbs/rdma-core-55.0/build/lib/libirdma-rdmav34.so
      0x7fffe3e5b000     0x7fffe3e5c000     0x1000     0x9000  r--p   /home/peng/projects/rdma_all/blue-rdma-driver/dtld-ibverbs/rdma-core-55.0/build/lib/libirdma-rdmav34.so
      0x7fffe3e5c000     0x7fffe3e5d000     0x1000     0xa000  rw-p   /home/peng/projects/rdma_all/blue-rdma-driver/dtld-ibverbs/rdma-core-55.0/build/lib/libirdma-rdmav34.so
      0x7fffe3e5d000     0x7fffe3e5f000     0x2000        0x0  r--p   /home/peng/projects/rdma_all/blue-rdma-driver/dtld-ibverbs/rdma-core-55.0/build/lib/libmana.so.1.0.55.0
      0x7fffe3e5f000     0x7fffe3e64000     0x5000     0x2000  r-xp   /home/peng/projects/rdma_all/blue-rdma-driver/dtld-ibverbs/rdma-core-55.0/build/lib/libmana.so.1.0.55.0
      0x7fffe3e64000     0x7fffe3e66000     0x2000     0x7000  r--p   /home/peng/projects/rdma_all/blue-rdma-driver/dtld-ibverbs/rdma-core-55.0/build/lib/libmana.so.1.0.55.0
      0x7fffe3e66000     0x7fffe3e67000     0x1000     0x8000  r--p   /home/peng/projects/rdma_all/blue-rdma-driver/dtld-ibverbs/rdma-core-55.0/build/lib/libmana.so.1.0.55.0
      0x7fffe3e67000     0x7fffe3e68000     0x1000     0x9000  rw-p   /home/peng/projects/rdma_all/blue-rdma-driver/dtld-ibverbs/rdma-core-55.0/build/lib/libmana.so.1.0.55.0
      0x7fffe3e68000     0x7fffe3e6a000     0x2000        0x0  r--p   /home/peng/projects/rdma_all/blue-rdma-driver/dtld-ibverbs/rdma-core-55.0/build/lib/libcxgb4-rdmav34.so
      0x7fffe3e6a000     0x7fffe3e70000     0x6000     0x2000  r-xp   /home/peng/projects/rdma_all/blue-rdma-driver/dtld-ibverbs/rdma-core-55.0/build/lib/libcxgb4-rdmav34.so
      0x7fffe3e70000     0x7fffe3e72000     0x2000     0x8000  r--p   /home/peng/projects/rdma_all/blue-rdma-driver/dtld-ibverbs/rdma-core-55.0/build/lib/libcxgb4-rdmav34.so
      0x7fffe3e72000     0x7fffe3e73000     0x1000     0xa000  r--p   /home/peng/projects/rdma_all/blue-rdma-driver/dtld-ibverbs/rdma-core-55.0/build/lib/libcxgb4-rdmav34.so
      0x7fffe3e73000     0x7fffe3e74000     0x1000     0xb000  rw-p   /home/peng/projects/rdma_all/blue-rdma-driver/dtld-ibverbs/rdma-core-55.0/build/lib/libcxgb4-rdmav34.so
      0x7fffe3e74000     0x7fffe3e76000     0x2000        0x0  r--p   /home/peng/projects/rdma_all/blue-rdma-driver/dtld-ibverbs/rdma-core-55.0/build/lib/libefa.so.1.3.55.0
      0x7fffe3e76000     0x7fffe3e7c000     0x6000     0x2000  r-xp   /home/peng/projects/rdma_all/blue-rdma-driver/dtld-ibverbs/rdma-core-55.0/build/lib/libefa.so.1.3.55.0
      0x7fffe3e7c000     0x7fffe3e7f000     0x3000     0x8000  r--p   /home/peng/projects/rdma_all/blue-rdma-driver/dtld-ibverbs/rdma-core-55.0/build/lib/libefa.so.1.3.55.0
      0x7fffe3e7f000     0x7fffe3e80000     0x1000     0xa000  r--p   /home/peng/projects/rdma_all/blue-rdma-driver/dtld-ibverbs/rdma-core-55.0/build/lib/libefa.so.1.3.55.0
      0x7fffe3e80000     0x7fffe3e81000     0x1000     0xb000  rw-p   /home/peng/projects/rdma_all/blue-rdma-driver/dtld-ibverbs/rdma-core-55.0/build/lib/libefa.so.1.3.55.0
      0x7fffe3e81000     0x7fffe3e9e000    0x1d000        0x0  r--p   /usr/lib/x86_64-linux-gnu/libnl-route-3.so.200.26.0
      0x7fffe3e9e000     0x7fffe3ee5000    0x47000    0x1d000  r-xp   /usr/lib/x86_64-linux-gnu/libnl-route-3.so.200.26.0
      0x7fffe3ee5000     0x7fffe3f05000    0x20000    0x64000  r--p   /usr/lib/x86_64-linux-gnu/libnl-route-3.so.200.26.0
      0x7fffe3f05000     0x7fffe3f08000     0x3000    0x84000  r--p   /usr/lib/x86_64-linux-gnu/libnl-route-3.so.200.26.0
      0x7fffe3f08000     0x7fffe3f0d000     0x5000    0x87000  rw-p   /usr/lib/x86_64-linux-gnu/libnl-route-3.so.200.26.0
      0x7fffe3f0d000     0x7fffe3f10000     0x3000        0x0  rw-p   
      0x7fffe3f10000     0x7fffe3f17000     0x7000        0x0  r--p   /home/peng/projects/rdma_all/blue-rdma-driver/dtld-ibverbs/rdma-core-55.0/build/lib/libibverbs.so.1.14.55.0
      0x7fffe3f17000     0x7fffe3f2b000    0x14000     0x7000  r-xp   /home/peng/projects/rdma_all/blue-rdma-driver/dtld-ibverbs/rdma-core-55.0/build/lib/libibverbs.so.1.14.55.0
      0x7fffe3f2b000     0x7fffe3f31000     0x6000    0x1b000  r--p   /home/peng/projects/rdma_all/blue-rdma-driver/dtld-ibverbs/rdma-core-55.0/build/lib/libibverbs.so.1.14.55.0
      0x7fffe3f31000     0x7fffe3f32000     0x1000    0x20000  r--p   /home/peng/projects/rdma_all/blue-rdma-driver/dtld-ibverbs/rdma-core-55.0/build/lib/libibverbs.so.1.14.55.0
      0x7fffe3f32000     0x7fffe3f33000     0x1000    0x21000  rw-p   /home/peng/projects/rdma_all/blue-rdma-driver/dtld-ibverbs/rdma-core-55.0/build/lib/libibverbs.so.1.14.55.0
      0x7fffe3f33000     0x7fffe4021000    0xee000        0x0  rw-p   
      0x7fffe4021000     0x7fffe8000000  0x3fdf000        0x0  ---p   
      0x7fffe8002000     0x7fffe8004000     0x2000        0x0  r--p   /home/peng/projects/rdma_all/blue-rdma-driver/dtld-ibverbs/rdma-core-55.0/build/lib/libsiw-rdmav34.so
      0x7fffe8004000     0x7fffe8007000     0x3000     0x2000  r-xp   /home/peng/projects/rdma_all/blue-rdma-driver/dtld-ibverbs/rdma-core-55.0/build/lib/libsiw-rdmav34.so
      0x7fffe8007000     0x7fffe8008000     0x1000     0x5000  r--p   /home/peng/projects/rdma_all/blue-rdma-driver/dtld-ibverbs/rdma-core-55.0/build/lib/libsiw-rdmav34.so
      0x7fffe8008000     0x7fffe8009000     0x1000     0x6000  r--p   /home/peng/projects/rdma_all/blue-rdma-driver/dtld-ibverbs/rdma-core-55.0/build/lib/libsiw-rdmav34.so
      0x7fffe8009000     0x7fffe800a000     0x1000     0x7000  rw-p   /home/peng/projects/rdma_all/blue-rdma-driver/dtld-ibverbs/rdma-core-55.0/build/lib/libsiw-rdmav34.so
      0x7fffe800a000     0x7fffe8200000   0x1f6000        0x0  rw-p   
      0x7fffe8200000     0x7fffe8228000    0x28000        0x0  r-xp   /usr/lib/wsl/lib/libcuda.so.1
      0x7fffe8228000     0x7fffe8428000   0x200000    0x28000  ---p   /usr/lib/wsl/lib/libcuda.so.1
      0x7fffe8428000     0x7fffe8429000     0x1000    0x28000  r--p   /usr/lib/wsl/lib/libcuda.so.1
      0x7fffe8429000     0x7fffe842b000     0x2000    0x29000  rw-p   /usr/lib/wsl/lib/libcuda.so.1
      0x7fffe8430000     0x7fffe8432000     0x2000        0x0  r--p   /home/peng/projects/rdma_all/blue-rdma-driver/dtld-ibverbs/rdma-core-55.0/build/lib/libhfi1verbs-rdmav34.so
      0x7fffe8432000     0x7fffe8434000     0x2000     0x2000  r-xp   /home/peng/projects/rdma_all/blue-rdma-driver/dtld-ibverbs/rdma-core-55.0/build/lib/libhfi1verbs-rdmav34.so
      0x7fffe8434000     0x7fffe8435000     0x1000     0x4000  r--p   /home/peng/projects/rdma_all/blue-rdma-driver/dtld-ibverbs/rdma-core-55.0/build/lib/libhfi1verbs-rdmav34.so
      0x7fffe8435000     0x7fffe8436000     0x1000     0x5000  r--p   /home/peng/projects/rdma_all/blue-rdma-driver/dtld-ibverbs/rdma-core-55.0/build/lib/libhfi1verbs-rdmav34.so
      0x7fffe8436000     0x7fffe8437000     0x1000     0x6000  rw-p   /home/peng/projects/rdma_all/blue-rdma-driver/dtld-ibverbs/rdma-core-55.0/build/lib/libhfi1verbs-rdmav34.so
      0x7fffe8437000     0x7fffe84c3000    0x8c000        0x0  rw-p   
      0x7fffe84c3000     0x7fffe8526000    0x63000        0x0  r--p   /usr/lib/wsl/lib/libdxcore.so
      0x7fffe8526000     0x7fffe85a3000    0x7d000    0x62000  r-xp   /usr/lib/wsl/lib/libdxcore.so
      0x7fffe85a3000     0x7fffe85ab000     0x8000    0xde000  r--p   /usr/lib/wsl/lib/libdxcore.so
      0x7fffe85ab000     0x7fffe85ac000     0x1000    0xe5000  rw-p   /usr/lib/wsl/lib/libdxcore.so
      0x7fffe85ac000     0x7fffe85d2000    0x26000        0x0  rw-p   
      0x7fffe85d2000     0x7fffe85d4000     0x2000        0x0  r--p   /usr/lib/x86_64-linux-gnu/openmpi/lib/openmpi3/mca_osc_sm.so
      0x7fffe85d4000     0x7fffe85d8000     0x4000     0x2000  r-xp   /usr/lib/x86_64-linux-gnu/openmpi/lib/openmpi3/mca_osc_sm.so
      0x7fffe85d8000     0x7fffe85d9000     0x1000     0x6000  r--p   /usr/lib/x86_64-linux-gnu/openmpi/lib/openmpi3/mca_osc_sm.so
      0x7fffe85d9000     0x7fffe85da000     0x1000     0x6000  r--p   /usr/lib/x86_64-linux-gnu/openmpi/lib/openmpi3/mca_osc_sm.so
      0x7fffe85da000     0x7fffe85dc000     0x2000     0x7000  rw-p   /usr/lib/x86_64-linux-gnu/openmpi/lib/openmpi3/mca_osc_sm.so
      0x7fffe85dc000     0x7fffe85de000     0x2000        0x0  r--p   /home/peng/projects/rdma_all/blue-rdma-driver/dtld-ibverbs/rdma-core-55.0/build/lib/libmlx4.so.1.0.55.0
      0x7fffe85de000     0x7fffe85e5000     0x7000     0x2000  r-xp   /home/peng/projects/rdma_all/blue-rdma-driver/dtld-ibverbs/rdma-core-55.0/build/lib/libmlx4.so.1.0.55.0
      0x7fffe85e5000     0x7fffe85e7000     0x2000     0x9000  r--p   /home/peng/projects/rdma_all/blue-rdma-driver/dtld-ibverbs/rdma-core-55.0/build/lib/libmlx4.so.1.0.55.0
      0x7fffe85e7000     0x7fffe85e8000     0x1000     0xb000  r--p   /home/peng/projects/rdma_all/blue-rdma-driver/dtld-ibverbs/rdma-core-55.0/build/lib/libmlx4.so.1.0.55.0
      0x7fffe85e8000     0x7fffe85e9000     0x1000     0xc000  rw-p   /home/peng/projects/rdma_all/blue-rdma-driver/dtld-ibverbs/rdma-core-55.0/build/lib/libmlx4.so.1.0.55.0
      0x7fffe85e9000     0x7fffe85ed000     0x4000        0x0  r--p   /usr/lib/x86_64-linux-gnu/openmpi/lib/openmpi3/mca_osc_rdma.so
      0x7fffe85ed000     0x7fffe8600000    0x13000     0x4000  r-xp   /usr/lib/x86_64-linux-gnu/openmpi/lib/openmpi3/mca_osc_rdma.so
      0x7fffe8600000     0x7fffe8602000     0x2000    0x17000  r--p   /usr/lib/x86_64-linux-gnu/openmpi/lib/openmpi3/mca_osc_rdma.so
      0x7fffe8602000     0x7fffe8603000     0x1000    0x19000  r--p   /usr/lib/x86_64-linux-gnu/openmpi/lib/openmpi3/mca_osc_rdma.so
      0x7fffe8603000     0x7fffe8604000     0x1000    0x1a000  rw-p   /usr/lib/x86_64-linux-gnu/openmpi/lib/openmpi3/mca_osc_rdma.so
      0x7fffe8604000     0x7fffe8606000     0x2000        0x0  r--p   /usr/lib/x86_64-linux-gnu/openmpi/lib/openmpi3/mca_coll_sm.so
      0x7fffe8606000     0x7fffe860c000     0x6000     0x2000  r-xp   /usr/lib/x86_64-linux-gnu/openmpi/lib/openmpi3/mca_coll_sm.so
      0x7fffe860c000     0x7fffe860d000     0x1000     0x8000  r--p   /usr/lib/x86_64-linux-gnu/openmpi/lib/openmpi3/mca_coll_sm.so
      0x7fffe860d000     0x7fffe860e000     0x1000     0x8000  r--p   /usr/lib/x86_64-linux-gnu/openmpi/lib/openmpi3/mca_coll_sm.so
      0x7fffe860e000     0x7fffe860f000     0x1000     0x9000  rw-p   /usr/lib/x86_64-linux-gnu/openmpi/lib/openmpi3/mca_coll_sm.so
      0x7fffe8614000     0x7fffe8616000     0x2000        0x0  r--p   /home/peng/projects/rdma_all/blue-rdma-driver/dtld-ibverbs/rdma-core-55.0/build/lib/libmthca-rdmav34.so
      0x7fffe8616000     0x7fffe861b000     0x5000     0x2000  r-xp   /home/peng/projects/rdma_all/blue-rdma-driver/dtld-ibverbs/rdma-core-55.0/build/lib/libmthca-rdmav34.so
      0x7fffe861b000     0x7fffe861d000     0x2000     0x7000  r--p   /home/peng/projects/rdma_all/blue-rdma-driver/dtld-ibverbs/rdma-core-55.0/build/lib/libmthca-rdmav34.so
      0x7fffe861d000     0x7fffe861e000     0x1000     0x8000  r--p   /home/peng/projects/rdma_all/blue-rdma-driver/dtld-ibverbs/rdma-core-55.0/build/lib/libmthca-rdmav34.so
      0x7fffe861e000     0x7fffe861f000     0x1000     0x9000  rw-p   /home/peng/projects/rdma_all/blue-rdma-driver/dtld-ibverbs/rdma-core-55.0/build/lib/libmthca-rdmav34.so
      0x7fffe861f000     0x7fffe8621000     0x2000        0x0  r--p   /usr/lib/x86_64-linux-gnu/openmpi/lib/openmpi3/mca_coll_adapt.so
      0x7fffe8621000     0x7fffe8628000     0x7000     0x2000  r-xp   /usr/lib/x86_64-linux-gnu/openmpi/lib/openmpi3/mca_coll_adapt.so
      0x7fffe8628000     0x7fffe8629000     0x1000     0x9000  r--p   /usr/lib/x86_64-linux-gnu/openmpi/lib/openmpi3/mca_coll_adapt.so
      0x7fffe8629000     0x7fffe862a000     0x1000     0xa000  r--p   /usr/lib/x86_64-linux-gnu/openmpi/lib/openmpi3/mca_coll_adapt.so
      0x7fffe862a000     0x7fffe862b000     0x1000     0xb000  rw-p   /usr/lib/x86_64-linux-gnu/openmpi/lib/openmpi3/mca_coll_adapt.so
      0x7fffe862b000     0x7fffe8630000     0x5000        0x0  r--p   /usr/lib/x86_64-linux-gnu/openmpi/lib/openmpi3/mca_coll_tuned.so
      0x7fffe8630000     0x7fffe8638000     0x8000     0x5000  r-xp   /usr/lib/x86_64-linux-gnu/openmpi/lib/openmpi3/mca_coll_tuned.so
      0x7fffe8638000     0x7fffe863d000     0x5000     0xd000  r--p   /usr/lib/x86_64-linux-gnu/openmpi/lib/openmpi3/mca_coll_tuned.so
      0x7fffe863d000     0x7fffe863e000     0x1000    0x11000  r--p   /usr/lib/x86_64-linux-gnu/openmpi/lib/openmpi3/mca_coll_tuned.so
      0x7fffe863e000     0x7fffe863f000     0x1000    0x12000  rw-p   /usr/lib/x86_64-linux-gnu/openmpi/lib/openmpi3/mca_coll_tuned.so
      0x7fffe863f000     0x7fffe8642000     0x3000        0x0  r--p   /usr/lib/x86_64-linux-gnu/openmpi/lib/openmpi3/mca_coll_han.so
      0x7fffe8642000     0x7fffe8655000    0x13000     0x3000  r-xp   /usr/lib/x86_64-linux-gnu/openmpi/lib/openmpi3/mca_coll_han.so
      0x7fffe8655000     0x7fffe865a000     0x5000    0x16000  r--p   /usr/lib/x86_64-linux-gnu/openmpi/lib/openmpi3/mca_coll_han.so
      0x7fffe865a000     0x7fffe865b000     0x1000    0x1a000  r--p   /usr/lib/x86_64-linux-gnu/openmpi/lib/openmpi3/mca_coll_han.so
      0x7fffe865b000     0x7fffe865c000     0x1000    0x1b000  rw-p   /usr/lib/x86_64-linux-gnu/openmpi/lib/openmpi3/mca_coll_han.so
      0x7fffe865c000     0x7fffe8661000     0x5000        0x0  r--p   /usr/lib/x86_64-linux-gnu/openmpi/lib/openmpi3/mca_coll_libnbc.so
      0x7fffe8661000     0x7fffe8679000    0x18000     0x5000  r-xp   /usr/lib/x86_64-linux-gnu/openmpi/lib/openmpi3/mca_coll_libnbc.so
      0x7fffe8679000     0x7fffe867c000     0x3000    0x1d000  r--p   /usr/lib/x86_64-linux-gnu/openmpi/lib/openmpi3/mca_coll_libnbc.so
      0x7fffe867c000     0x7fffe867d000     0x1000    0x20000  r--p   /usr/lib/x86_64-linux-gnu/openmpi/lib/openmpi3/mca_coll_libnbc.so
      0x7fffe867d000     0x7fffe867e000     0x1000    0x21000  rw-p   /usr/lib/x86_64-linux-gnu/openmpi/lib/openmpi3/mca_coll_libnbc.so
      0x7fffe867e000     0x7fffe8800000   0x182000        0x0  rw-p   
      0x7fffe8800000     0x7fffe8806000     0x6000        0x0  r-xp   /usr/local/cuda-13.0/targets/x86_64-linux/lib/libOpenCL.so.1.0.0
      0x7fffe8806000     0x7fffe8a05000   0x1ff000     0x6000  ---p   /usr/local/cuda-13.0/targets/x86_64-linux/lib/libOpenCL.so.1.0.0
      0x7fffe8a05000     0x7fffe8a07000     0x2000     0x5000  r--p   /usr/local/cuda-13.0/targets/x86_64-linux/lib/libOpenCL.so.1.0.0
      0x7fffe8a07000     0x7fffe8a08000     0x1000     0x7000  rw-p   /usr/local/cuda-13.0/targets/x86_64-linux/lib/libOpenCL.so.1.0.0
      0x7fffe8a08000     0x7fffe8a09000     0x1000        0x0  r--p   /usr/lib/x86_64-linux-gnu/libmca_common_sm.so.40.30.0
      0x7fffe8a09000     0x7fffe8a0a000     0x1000     0x1000  r-xp   /usr/lib/x86_64-linux-gnu/libmca_common_sm.so.40.30.0
      0x7fffe8a0a000     0x7fffe8a0b000     0x1000     0x2000  r--p   /usr/lib/x86_64-linux-gnu/libmca_common_sm.so.40.30.0
      0x7fffe8a0b000     0x7fffe8a0c000     0x1000     0x2000  r--p   /usr/lib/x86_64-linux-gnu/libmca_common_sm.so.40.30.0
      0x7fffe8a0c000     0x7fffe8a0d000     0x1000     0x3000  rw-p   /usr/lib/x86_64-linux-gnu/libmca_common_sm.so.40.30.0
      0x7fffe8a0d000     0x7fffe8a0f000     0x2000        0x0  r--p   /usr/lib/x86_64-linux-gnu/openmpi/lib/openmpi3/mca_coll_basic.so
      0x7fffe8a0f000     0x7fffe8a1c000     0xd000     0x2000  r-xp   /usr/lib/x86_64-linux-gnu/openmpi/lib/openmpi3/mca_coll_basic.so
      0x7fffe8a1c000     0x7fffe8a1d000     0x1000     0xf000  r--p   /usr/lib/x86_64-linux-gnu/openmpi/lib/openmpi3/mca_coll_basic.so
      0x7fffe8a1d000     0x7fffe8a1e000     0x1000     0xf000  r--p   /usr/lib/x86_64-linux-gnu/openmpi/lib/openmpi3/mca_coll_basic.so
      0x7fffe8a1e000     0x7fffe8a1f000     0x1000    0x10000  rw-p   /usr/lib/x86_64-linux-gnu/openmpi/lib/openmpi3/mca_coll_basic.so
      0x7fffe8a1f000     0x7fffe8a21000     0x2000        0x0  r--p   /home/peng/projects/rdma_all/blue-rdma-driver/dtld-ibverbs/rdma-core-55.0/build/lib/libqedr-rdmav34.so
      0x7fffe8a21000     0x7fffe8a27000     0x6000     0x2000  r-xp   /home/peng/projects/rdma_all/blue-rdma-driver/dtld-ibverbs/rdma-core-55.0/build/lib/libqedr-rdmav34.so
      0x7fffe8a27000     0x7fffe8a2a000     0x3000     0x8000  r--p   /home/peng/projects/rdma_all/blue-rdma-driver/dtld-ibverbs/rdma-core-55.0/build/lib/libqedr-rdmav34.so
      0x7fffe8a2a000     0x7fffe8a2b000     0x1000     0xb000  r--p   /home/peng/projects/rdma_all/blue-rdma-driver/dtld-ibverbs/rdma-core-55.0/build/lib/libqedr-rdmav34.so
      0x7fffe8a2b000     0x7fffe8a2c000     0x1000     0xc000  rw-p   /home/peng/projects/rdma_all/blue-rdma-driver/dtld-ibverbs/rdma-core-55.0/build/lib/libqedr-rdmav34.so
      0x7fffe8a2c000     0x7fffe8a2d000     0x1000        0x0  r--p   /usr/lib/x86_64-linux-gnu/openmpi/lib/openmpi3/mca_coll_inter.so
      0x7fffe8a2d000     0x7fffe8a2f000     0x2000     0x1000  r-xp   /usr/lib/x86_64-linux-gnu/openmpi/lib/openmpi3/mca_coll_inter.so
      0x7fffe8a2f000     0x7fffe8a30000     0x1000     0x3000  r--p   /usr/lib/x86_64-linux-gnu/openmpi/lib/openmpi3/mca_coll_inter.so
      0x7fffe8a30000     0x7fffe8a31000     0x1000     0x3000  r--p   /usr/lib/x86_64-linux-gnu/openmpi/lib/openmpi3/mca_coll_inter.so
      0x7fffe8a31000     0x7fffe8a32000     0x1000     0x4000  rw-p   /usr/lib/x86_64-linux-gnu/openmpi/lib/openmpi3/mca_coll_inter.so
      0x7fffe8a33000     0x7fffe8a34000     0x1000        0x0  r--p   /usr/lib/x86_64-linux-gnu/librt.so.1
      0x7fffe8a34000     0x7fffe8a35000     0x1000     0x1000  r-xp   /usr/lib/x86_64-linux-gnu/librt.so.1
      0x7fffe8a35000     0x7fffe8a36000     0x1000     0x2000  r--p   /usr/lib/x86_64-linux-gnu/librt.so.1
      0x7fffe8a36000     0x7fffe8a37000     0x1000     0x2000  r--p   /usr/lib/x86_64-linux-gnu/librt.so.1
      0x7fffe8a37000     0x7fffe8a38000     0x1000     0x3000  rw-p   /usr/lib/x86_64-linux-gnu/librt.so.1
      0x7fffe8a38000     0x7fffe8a3c000     0x4000        0x0  r--p   /usr/lib/x86_64-linux-gnu/openmpi/lib/openmpi3/mca_pml_ob1.so
      0x7fffe8a3c000     0x7fffe8a52000    0x16000     0x4000  r-xp   /usr/lib/x86_64-linux-gnu/openmpi/lib/openmpi3/mca_pml_ob1.so
      0x7fffe8a52000     0x7fffe8a55000     0x3000    0x1a000  r--p   /usr/lib/x86_64-linux-gnu/openmpi/lib/openmpi3/mca_pml_ob1.so
      0x7fffe8a55000     0x7fffe8a56000     0x1000    0x1c000  r--p   /usr/lib/x86_64-linux-gnu/openmpi/lib/openmpi3/mca_pml_ob1.so
      0x7fffe8a56000     0x7fffe8a57000     0x1000    0x1d000  rw-p   /usr/lib/x86_64-linux-gnu/openmpi/lib/openmpi3/mca_pml_ob1.so
      0x7fffe8a57000     0x7fffe8a58000     0x1000        0x0  r--p   /usr/lib/x86_64-linux-gnu/openmpi/lib/openmpi3/mca_btl_self.so
      0x7fffe8a58000     0x7fffe8a5a000     0x2000     0x1000  r-xp   /usr/lib/x86_64-linux-gnu/openmpi/lib/openmpi3/mca_btl_self.so
      0x7fffe8a5a000     0x7fffe8a5b000     0x1000     0x3000  r--p   /usr/lib/x86_64-linux-gnu/openmpi/lib/openmpi3/mca_btl_self.so
      0x7fffe8a5b000     0x7fffe8a5c000     0x1000     0x3000  r--p   /usr/lib/x86_64-linux-gnu/openmpi/lib/openmpi3/mca_btl_self.so
      0x7fffe8a5c000     0x7fffe8a5d000     0x1000     0x4000  rw-p   /usr/lib/x86_64-linux-gnu/openmpi/lib/openmpi3/mca_btl_self.so
      0x7fffe8a5d000     0x7fffe8a61000     0x4000        0x0  r--p   /usr/lib/x86_64-linux-gnu/openmpi/lib/openmpi3/mca_btl_tcp.so
      0x7fffe8a61000     0x7fffe8a6c000     0xb000     0x4000  r-xp   /usr/lib/x86_64-linux-gnu/openmpi/lib/openmpi3/mca_btl_tcp.so
      0x7fffe8a6c000     0x7fffe8a6f000     0x3000     0xf000  r--p   /usr/lib/x86_64-linux-gnu/openmpi/lib/openmpi3/mca_btl_tcp.so
      0x7fffe8a6f000     0x7fffe8a70000     0x1000    0x11000  r--p   /usr/lib/x86_64-linux-gnu/openmpi/lib/openmpi3/mca_btl_tcp.so
      0x7fffe8a70000     0x7fffe8a72000     0x2000    0x12000  rw-p   /usr/lib/x86_64-linux-gnu/openmpi/lib/openmpi3/mca_btl_tcp.so
      0x7fffe8a72000     0x7fffe8a73000     0x1000        0x0  r--p   /usr/lib/x86_64-linux-gnu/openmpi/lib/openmpi3/mca_btl_sm.so
      0x7fffe8a73000     0x7fffe8a74000     0x1000     0x1000  r-xp   /usr/lib/x86_64-linux-gnu/openmpi/lib/openmpi3/mca_btl_sm.so
      0x7fffe8a74000     0x7fffe8a75000     0x1000     0x2000  r--p   /usr/lib/x86_64-linux-gnu/openmpi/lib/openmpi3/mca_btl_sm.so
      0x7fffe8a75000     0x7fffe8a76000     0x1000     0x2000  r--p   /usr/lib/x86_64-linux-gnu/openmpi/lib/openmpi3/mca_btl_sm.so
      0x7fffe8a76000     0x7fffe8a77000     0x1000     0x3000  rw-p   /usr/lib/x86_64-linux-gnu/openmpi/lib/openmpi3/mca_btl_sm.so
      0x7fffe8a77000     0x7fffe8a78000     0x1000 0xa042d2000  rw-s   /dev/zero (deleted)
      0x7fffe8a78000     0x7fffe8a79000     0x1000 0xa042d1000  rw-s   /dev/zero (deleted)
      0x7fffe8a79000     0x7fffe8a7a000     0x1000        0x0  r--p   /usr/lib/x86_64-linux-gnu/openmpi/lib/openmpi3/mca_coll_sync.so
      0x7fffe8a7a000     0x7fffe8a7c000     0x2000     0x1000  r-xp   /usr/lib/x86_64-linux-gnu/openmpi/lib/openmpi3/mca_coll_sync.so
      0x7fffe8a7c000     0x7fffe8a7d000     0x1000     0x3000  r--p   /usr/lib/x86_64-linux-gnu/openmpi/lib/openmpi3/mca_coll_sync.so
      0x7fffe8a7d000     0x7fffe8a7e000     0x1000     0x3000  r--p   /usr/lib/x86_64-linux-gnu/openmpi/lib/openmpi3/mca_coll_sync.so
      0x7fffe8a7e000     0x7fffe8a7f000     0x1000     0x4000  rw-p   /usr/lib/x86_64-linux-gnu/openmpi/lib/openmpi3/mca_coll_sync.so
      0x7fffe8a7f000     0x7fffe8a80000     0x1000        0x0  r--p   /usr/lib/x86_64-linux-gnu/openmpi/lib/openmpi3/mca_coll_self.so
      0x7fffe8a80000     0x7fffe8a81000     0x1000     0x1000  r-xp   /usr/lib/x86_64-linux-gnu/openmpi/lib/openmpi3/mca_coll_self.so
      0x7fffe8a81000     0x7fffe8a82000     0x1000     0x2000  r--p   /usr/lib/x86_64-linux-gnu/openmpi/lib/openmpi3/mca_coll_self.so
      0x7fffe8a82000     0x7fffe8a83000     0x1000     0x2000  r--p   /usr/lib/x86_64-linux-gnu/openmpi/lib/openmpi3/mca_coll_self.so
      0x7fffe8a83000     0x7fffe8a84000     0x1000     0x3000  rw-p   /usr/lib/x86_64-linux-gnu/openmpi/lib/openmpi3/mca_coll_self.so
      0x7fffe8a84000     0x7fffe8a86000     0x2000        0x0  r--p   /usr/lib/x86_64-linux-gnu/openmpi/lib/openmpi3/mca_bml_r2.so
      0x7fffe8a86000     0x7fffe8a89000     0x3000     0x2000  r-xp   /usr/lib/x86_64-linux-gnu/openmpi/lib/openmpi3/mca_bml_r2.so
      0x7fffe8a89000     0x7fffe8a8a000     0x1000     0x5000  r--p   /usr/lib/x86_64-linux-gnu/openmpi/lib/openmpi3/mca_bml_r2.so
      0x7fffe8a8a000     0x7fffe8a8b000     0x1000     0x5000  r--p   /usr/lib/x86_64-linux-gnu/openmpi/lib/openmpi3/mca_bml_r2.so
      0x7fffe8a8b000     0x7fffe8a8c000     0x1000     0x6000  rw-p   /usr/lib/x86_64-linux-gnu/openmpi/lib/openmpi3/mca_bml_r2.so
      0x7fffe8a8c000     0x7fffe8a8f000     0x3000        0x0  r--p   /usr/lib/x86_64-linux-gnu/openmpi/lib/openmpi3/mca_op_avx.so
      0x7fffe8a8f000     0x7fffe8ab4000    0x25000     0x3000  r-xp   /usr/lib/x86_64-linux-gnu/openmpi/lib/openmpi3/mca_op_avx.so
      0x7fffe8ab4000     0x7fffe8aba000     0x6000    0x28000  r--p   /usr/lib/x86_64-linux-gnu/openmpi/lib/openmpi3/mca_op_avx.so
      0x7fffe8aba000     0x7fffe8abb000     0x1000    0x2d000  r--p   /usr/lib/x86_64-linux-gnu/openmpi/lib/openmpi3/mca_op_avx.so
      0x7fffe8abb000     0x7fffe8ac3000     0x8000    0x2e000  rw-p   /usr/lib/x86_64-linux-gnu/openmpi/lib/openmpi3/mca_op_avx.so
      0x7fffe8ac3000     0x7fffe8adc000    0x19000        0x0  r--p   /usr/lib/x86_64-linux-gnu/libX11.so.6.4.0
      0x7fffe8adc000     0x7fffe8b6c000    0x90000    0x19000  r-xp   /usr/lib/x86_64-linux-gnu/libX11.so.6.4.0
      0x7fffe8b6c000     0x7fffe8bfb000    0x8f000    0xa9000  r--p   /usr/lib/x86_64-linux-gnu/libX11.so.6.4.0
      0x7fffe8bfb000     0x7fffe8bfc000     0x1000   0x138000  r--p   /usr/lib/x86_64-linux-gnu/libX11.so.6.4.0
      0x7fffe8bfc000     0x7fffe8c00000     0x4000   0x139000  rw-p   /usr/lib/x86_64-linux-gnu/libX11.so.6.4.0
      0x7fffe8c00000     0x7fffe8c01000     0x1000        0x0  r--p   /usr/lib/x86_64-linux-gnu/libicudata.so.74.2
      0x7fffe8c01000     0x7fffe8c02000     0x1000     0x1000  r-xp   /usr/lib/x86_64-linux-gnu/libicudata.so.74.2
      0x7fffe8c02000     0x7fffea95e000  0x1d5c000     0x2000  r--p   /usr/lib/x86_64-linux-gnu/libicudata.so.74.2
      0x7fffea95e000     0x7fffea95f000     0x1000  0x1d5d000  r--p   /usr/lib/x86_64-linux-gnu/libicudata.so.74.2
      0x7fffea95f000     0x7fffea960000     0x1000  0x1d5e000  rw-p   /usr/lib/x86_64-linux-gnu/libicudata.so.74.2
      0x7fffea960000     0x7fffea962000     0x2000        0x0  r--p   /usr/lib/x86_64-linux-gnu/openmpi/lib/openmpi3/mca_mpool_hugepage.so
      0x7fffea962000     0x7fffea964000     0x2000     0x2000  r-xp   /usr/lib/x86_64-linux-gnu/openmpi/lib/openmpi3/mca_mpool_hugepage.so
      0x7fffea964000     0x7fffea965000     0x1000     0x4000  r--p   /usr/lib/x86_64-linux-gnu/openmpi/lib/openmpi3/mca_mpool_hugepage.so
      0x7fffea965000     0x7fffea966000     0x1000     0x4000  r--p   /usr/lib/x86_64-linux-gnu/openmpi/lib/openmpi3/mca_mpool_hugepage.so
      0x7fffea966000     0x7fffea967000     0x1000     0x5000  rw-p   /usr/lib/x86_64-linux-gnu/openmpi/lib/openmpi3/mca_mpool_hugepage.so
      0x7fffea967000     0x7fffea968000     0x1000        0x0  r--p   /usr/lib/x86_64-linux-gnu/openmpi/lib/openmpi3/mca_rcache_grdma.so
      0x7fffea968000     0x7fffea96a000     0x2000     0x1000  r-xp   /usr/lib/x86_64-linux-gnu/openmpi/lib/openmpi3/mca_rcache_grdma.so
      0x7fffea96a000     0x7fffea96b000     0x1000     0x3000  r--p   /usr/lib/x86_64-linux-gnu/openmpi/lib/openmpi3/mca_rcache_grdma.so
      0x7fffea96b000     0x7fffea96c000     0x1000     0x3000  r--p   /usr/lib/x86_64-linux-gnu/openmpi/lib/openmpi3/mca_rcache_grdma.so
      0x7fffea96c000     0x7fffea96d000     0x1000     0x4000  rw-p   /usr/lib/x86_64-linux-gnu/openmpi/lib/openmpi3/mca_rcache_grdma.so
      0x7fffea96d000     0x7fffea96e000     0x1000        0x0  r--p   /usr/lib/x86_64-linux-gnu/openmpi/lib/openmpi3/mca_state_app.so
      0x7fffea96e000     0x7fffea96f000     0x1000     0x1000  r-xp   /usr/lib/x86_64-linux-gnu/openmpi/lib/openmpi3/mca_state_app.so
      0x7fffea96f000     0x7fffea970000     0x1000     0x2000  r--p   /usr/lib/x86_64-linux-gnu/openmpi/lib/openmpi3/mca_state_app.so
      0x7fffea970000     0x7fffea971000     0x1000     0x2000  r--p   /usr/lib/x86_64-linux-gnu/openmpi/lib/openmpi3/mca_state_app.so
      0x7fffea971000     0x7fffea972000     0x1000     0x3000  rw-p   /usr/lib/x86_64-linux-gnu/openmpi/lib/openmpi3/mca_state_app.so
      0x7fffea972000     0x7fffea973000     0x1000 0xa042cf000  rw-s   /dev/zero (deleted)
      0x7fffea973000     0x7fffea974000     0x1000 0xa042ce000  rw-s   /dev/zero (deleted)
      0x7fffea974000     0x7fffea975000     0x1000 0xa042cd000  rw-s   /dev/zero (deleted)
      0x7fffea975000     0x7fffea976000     0x1000 0xa042cb000  rw-s   /dev/zero (deleted)
      0x7fffea976000     0x7fffea977000     0x1000        0x0  r--p   /usr/lib/x86_64-linux-gnu/openmpi/lib/openmpi3/mca_errmgr_default_app.so
      0x7fffea977000     0x7fffea978000     0x1000     0x1000  r-xp   /usr/lib/x86_64-linux-gnu/openmpi/lib/openmpi3/mca_errmgr_default_app.so
      0x7fffea978000     0x7fffea979000     0x1000     0x2000  r--p   /usr/lib/x86_64-linux-gnu/openmpi/lib/openmpi3/mca_errmgr_default_app.so
      0x7fffea979000     0x7fffea97a000     0x1000     0x2000  r--p   /usr/lib/x86_64-linux-gnu/openmpi/lib/openmpi3/mca_errmgr_default_app.so
      0x7fffea97a000     0x7fffea97b000     0x1000     0x3000  rw-p   /usr/lib/x86_64-linux-gnu/openmpi/lib/openmpi3/mca_errmgr_default_app.so
      0x7fffea97b000     0x7fffea97c000     0x1000 0xa042ca000  rw-s   /dev/zero (deleted)
      0x7fffea97c000     0x7fffea97d000     0x1000 0xa042c9000  rw-s   /dev/zero (deleted)
      0x7fffea97d000     0x7fffea97e000     0x1000 0xa042c7000  rw-s   /dev/zero (deleted)
      0x7fffea97e000     0x7fffea97f000     0x1000 0xa042c6000  rw-s   /dev/zero (deleted)
      0x7fffea97f000     0x7fffea980000     0x1000        0x0  r--p   /usr/lib/x86_64-linux-gnu/openmpi/lib/openmpi3/mca_allocator_bucket.so
      0x7fffea980000     0x7fffea981000     0x1000     0x1000  r-xp   /usr/lib/x86_64-linux-gnu/openmpi/lib/openmpi3/mca_allocator_bucket.so
      0x7fffea981000     0x7fffea982000     0x1000     0x2000  r--p   /usr/lib/x86_64-linux-gnu/openmpi/lib/openmpi3/mca_allocator_bucket.so
      0x7fffea982000     0x7fffea983000     0x1000     0x2000  r--p   /usr/lib/x86_64-linux-gnu/openmpi/lib/openmpi3/mca_allocator_bucket.so
      0x7fffea983000     0x7fffea984000     0x1000     0x3000  rw-p   /usr/lib/x86_64-linux-gnu/openmpi/lib/openmpi3/mca_allocator_bucket.so
      0x7fffea984000     0x7fffea985000     0x1000        0x0  r--p   /usr/lib/x86_64-linux-gnu/libpthread.so.0
      0x7fffea985000     0x7fffea986000     0x1000     0x1000  r-xp   /usr/lib/x86_64-linux-gnu/libpthread.so.0
      0x7fffea986000     0x7fffea987000     0x1000     0x2000  r--p   /usr/lib/x86_64-linux-gnu/libpthread.so.0
      0x7fffea987000     0x7fffea988000     0x1000     0x2000  r--p   /usr/lib/x86_64-linux-gnu/libpthread.so.0
      0x7fffea988000     0x7fffea989000     0x1000     0x3000  rw-p   /usr/lib/x86_64-linux-gnu/libpthread.so.0
      0x7fffea989000     0x7fffea98b000     0x2000        0x0  r--p   /usr/lib/x86_64-linux-gnu/libpciaccess.so.0.11.1
      0x7fffea98b000     0x7fffea990000     0x5000     0x2000  r-xp   /usr/lib/x86_64-linux-gnu/libpciaccess.so.0.11.1
      0x7fffea990000     0x7fffea992000     0x2000     0x7000  r--p   /usr/lib/x86_64-linux-gnu/libpciaccess.so.0.11.1
      0x7fffea992000     0x7fffea993000     0x1000     0x8000  r--p   /usr/lib/x86_64-linux-gnu/libpciaccess.so.0.11.1
      0x7fffea993000     0x7fffea994000     0x1000     0x9000  rw-p   /usr/lib/x86_64-linux-gnu/libpciaccess.so.0.11.1
      0x7fffea994000     0x7fffea995000     0x1000 0xa042c5000  rw-s   /dev/zero (deleted)
      0x7fffea995000     0x7fffea996000     0x1000 0xa042c3000  rw-s   /dev/zero (deleted)
      0x7fffea996000     0x7fffea997000     0x1000 0xa042c2000  rw-s   /dev/zero (deleted)
      0x7fffea997000     0x7fffea998000     0x1000 0xa042c1000  rw-s   /dev/zero (deleted)
      0x7fffea998000     0x7fffea999000     0x1000        0x0  r--p   /usr/lib/x86_64-linux-gnu/openmpi/lib/openmpi3/mca_allocator_basic.so
      0x7fffea999000     0x7fffea99b000     0x2000     0x1000  r-xp   /usr/lib/x86_64-linux-gnu/openmpi/lib/openmpi3/mca_allocator_basic.so
      0x7fffea99b000     0x7fffea99c000     0x1000     0x3000  r--p   /usr/lib/x86_64-linux-gnu/openmpi/lib/openmpi3/mca_allocator_basic.so
      0x7fffea99c000     0x7fffea99d000     0x1000     0x3000  r--p   /usr/lib/x86_64-linux-gnu/openmpi/lib/openmpi3/mca_allocator_basic.so
      0x7fffea99d000     0x7fffea99e000     0x1000     0x4000  rw-p   /usr/lib/x86_64-linux-gnu/openmpi/lib/openmpi3/mca_allocator_basic.so
      0x7fffea99e000     0x7fffea9a0000     0x2000        0x0  r--p   /usr/lib/x86_64-linux-gnu/libmd.so.0.1.0
      0x7fffea9a0000     0x7fffea9a9000     0x9000     0x2000  r-xp   /usr/lib/x86_64-linux-gnu/libmd.so.0.1.0
      0x7fffea9a9000     0x7fffea9ab000     0x2000     0xb000  r--p   /usr/lib/x86_64-linux-gnu/libmd.so.0.1.0
      0x7fffea9ab000     0x7fffea9ac000     0x1000     0xc000  r--p   /usr/lib/x86_64-linux-gnu/libmd.so.0.1.0
      0x7fffea9ac000     0x7fffea9ad000     0x1000     0xd000  rw-p   /usr/lib/x86_64-linux-gnu/libmd.so.0.1.0
      0x7fffea9ad000     0x7fffea9b1000     0x4000        0x0  r--p   /usr/lib/x86_64-linux-gnu/libbsd.so.0.12.1
      0x7fffea9b1000     0x7fffea9bd000     0xc000     0x4000  r-xp   /usr/lib/x86_64-linux-gnu/libbsd.so.0.12.1
      0x7fffea9bd000     0x7fffea9c0000     0x3000    0x10000  r--p   /usr/lib/x86_64-linux-gnu/libbsd.so.0.12.1
      0x7fffea9c0000     0x7fffea9c1000     0x1000    0x12000  r--p   /usr/lib/x86_64-linux-gnu/libbsd.so.0.12.1
      0x7fffea9c1000     0x7fffea9c2000     0x1000    0x13000  rw-p   /usr/lib/x86_64-linux-gnu/libbsd.so.0.12.1
      0x7fffea9c2000     0x7fffea9c3000     0x1000        0x0  rw-p   
      0x7fffea9c3000     0x7fffea9ce000     0xb000        0x0  r--p   /usr/lib/x86_64-linux-gnu/libxcb.so.1.1.0
      0x7fffea9ce000     0x7fffea9e1000    0x13000     0xb000  r-xp   /usr/lib/x86_64-linux-gnu/libxcb.so.1.1.0
      0x7fffea9e1000     0x7fffea9ea000     0x9000    0x1e000  r--p   /usr/lib/x86_64-linux-gnu/libxcb.so.1.1.0
      0x7fffea9ea000     0x7fffea9eb000     0x1000    0x26000  r--p   /usr/lib/x86_64-linux-gnu/libxcb.so.1.1.0
      0x7fffea9eb000     0x7fffea9ec000     0x1000    0x27000  rw-p   /usr/lib/x86_64-linux-gnu/libxcb.so.1.1.0
      0x7fffea9ec000     0x7fffea9f0000     0x4000        0x0  r--p   /usr/lib/x86_64-linux-gnu/libXext.so.6.4.0
      0x7fffea9f0000     0x7fffea9fb000     0xb000     0x4000  r-xp   /usr/lib/x86_64-linux-gnu/libXext.so.6.4.0
      0x7fffea9fb000     0x7fffea9fe000     0x3000     0xf000  r--p   /usr/lib/x86_64-linux-gnu/libXext.so.6.4.0
      0x7fffea9fe000     0x7fffea9ff000     0x1000    0x11000  r--p   /usr/lib/x86_64-linux-gnu/libXext.so.6.4.0
      0x7fffea9ff000     0x7fffeaa00000     0x1000    0x12000  rw-p   /usr/lib/x86_64-linux-gnu/libXext.so.6.4.0
      0x7fffeaa00000     0x7fffeaa68000    0x68000        0x0  r--p   /usr/lib/x86_64-linux-gnu/libicuuc.so.74.2
      0x7fffeaa68000     0x7fffeab6d000   0x105000    0x68000  r-xp   /usr/lib/x86_64-linux-gnu/libicuuc.so.74.2
      0x7fffeab6d000     0x7fffeabf7000    0x8a000   0x16d000  r--p   /usr/lib/x86_64-linux-gnu/libicuuc.so.74.2
      0x7fffeabf7000     0x7fffeac0a000    0x13000   0x1f7000  r--p   /usr/lib/x86_64-linux-gnu/libicuuc.so.74.2
      0x7fffeac0a000     0x7fffeac0b000     0x1000   0x20a000  rw-p   /usr/lib/x86_64-linux-gnu/libicuuc.so.74.2
      0x7fffeac0b000     0x7fffeac0d000     0x2000        0x0  rw-p   
      0x7fffeac0d000     0x7fffeac0e000     0x1000 0xa042bf000  rw-s   /dev/zero (deleted)
      0x7fffeac0e000     0x7fffeac0f000     0x1000 0xa042be000  rw-s   /dev/zero (deleted)
      0x7fffeac0f000     0x7fffeac10000     0x1000 0xa042bd000  rw-s   /dev/zero (deleted)
      0x7fffeac10000     0x7fffeac11000     0x1000        0x0  r--p   /usr/lib/x86_64-linux-gnu/libdl.so.2
      0x7fffeac11000     0x7fffeac12000     0x1000     0x1000  r-xp   /usr/lib/x86_64-linux-gnu/libdl.so.2
      0x7fffeac12000     0x7fffeac13000     0x1000     0x2000  r--p   /usr/lib/x86_64-linux-gnu/libdl.so.2
      0x7fffeac13000     0x7fffeac14000     0x1000     0x2000  r--p   /usr/lib/x86_64-linux-gnu/libdl.so.2
      0x7fffeac14000     0x7fffeac15000     0x1000     0x3000  rw-p   /usr/lib/x86_64-linux-gnu/libdl.so.2
      0x7fffeac15000     0x7fffeac17000     0x2000        0x0  r--p   /usr/lib/x86_64-linux-gnu/libXdmcp.so.6.0.0
      0x7fffeac17000     0x7fffeac19000     0x2000     0x2000  r-xp   /usr/lib/x86_64-linux-gnu/libXdmcp.so.6.0.0
      0x7fffeac19000     0x7fffeac1b000     0x2000     0x4000  r--p   /usr/lib/x86_64-linux-gnu/libXdmcp.so.6.0.0
      0x7fffeac1b000     0x7fffeac1c000     0x1000     0x5000  r--p   /usr/lib/x86_64-linux-gnu/libXdmcp.so.6.0.0
      0x7fffeac1c000     0x7fffeac1d000     0x1000     0x6000  rw-p   /usr/lib/x86_64-linux-gnu/libXdmcp.so.6.0.0
      0x7fffeac1d000     0x7fffeac4c000    0x2f000        0x0  r--p   /usr/lib/x86_64-linux-gnu/libxml2.so.2.9.14
      0x7fffeac4c000     0x7fffeadb2000   0x166000    0x2f000  r-xp   /usr/lib/x86_64-linux-gnu/libxml2.so.2.9.14
      0x7fffeadb2000     0x7fffeadf4000    0x42000   0x195000  r--p   /usr/lib/x86_64-linux-gnu/libxml2.so.2.9.14
      0x7fffeadf4000     0x7fffeadfd000     0x9000   0x1d6000  r--p   /usr/lib/x86_64-linux-gnu/libxml2.so.2.9.14
      0x7fffeadfd000     0x7fffeadfe000     0x1000   0x1df000  rw-p   /usr/lib/x86_64-linux-gnu/libxml2.so.2.9.14
      0x7fffeadfe000     0x7fffeadff000     0x1000        0x0  rw-p   
      0x7fffeadff000     0x7fffeae00000     0x1000        0x0  ---p   
      0x7fffeae00000     0x7fffeb600000   0x800000        0x0  rw-p   
      0x7fffeb600000     0x7fffeb635000    0x35000        0x0  r--p   /usr/lib/x86_64-linux-gnu/pmix2/lib/libpmix.so.2.13.1
      0x7fffeb635000     0x7fffeb7a8000   0x173000    0x35000  r-xp   /usr/lib/x86_64-linux-gnu/pmix2/lib/libpmix.so.2.13.1
      0x7fffeb7a8000     0x7fffeb7f1000    0x49000   0x1a8000  r--p   /usr/lib/x86_64-linux-gnu/pmix2/lib/libpmix.so.2.13.1
      0x7fffeb7f1000     0x7fffeb7fa000     0x9000   0x1f0000  r--p   /usr/lib/x86_64-linux-gnu/pmix2/lib/libpmix.so.2.13.1
      0x7fffeb7fa000     0x7fffeb80d000    0x13000   0x1f9000  rw-p   /usr/lib/x86_64-linux-gnu/pmix2/lib/libpmix.so.2.13.1
      0x7fffeb80d000     0x7fffeb812000     0x5000        0x0  rw-p   
      0x7fffeb812000     0x7fffeb813000     0x1000 0xa042bb000  rw-s   /dev/zero (deleted)
      0x7fffeb813000     0x7fffeb814000     0x1000 0xa042ba000  rw-s   /dev/zero (deleted)
      0x7fffeb814000     0x7fffeb815000     0x1000        0x0  r--p   /usr/lib/x86_64-linux-gnu/hwloc/hwloc_opencl.so
      0x7fffeb815000     0x7fffeb816000     0x1000     0x1000  r-xp   /usr/lib/x86_64-linux-gnu/hwloc/hwloc_opencl.so
      0x7fffeb816000     0x7fffeb817000     0x1000     0x2000  r--p   /usr/lib/x86_64-linux-gnu/hwloc/hwloc_opencl.so
      0x7fffeb817000     0x7fffeb818000     0x1000     0x2000  r--p   /usr/lib/x86_64-linux-gnu/hwloc/hwloc_opencl.so
      0x7fffeb818000     0x7fffeb819000     0x1000     0x3000  rw-p   /usr/lib/x86_64-linux-gnu/hwloc/hwloc_opencl.so
      0x7fffeb819000     0x7fffeb81a000     0x1000        0x0  r--p   /usr/lib/x86_64-linux-gnu/libXau.so.6.0.0
      0x7fffeb81a000     0x7fffeb81c000     0x2000     0x1000  r-xp   /usr/lib/x86_64-linux-gnu/libXau.so.6.0.0
      0x7fffeb81c000     0x7fffeb81d000     0x1000     0x3000  r--p   /usr/lib/x86_64-linux-gnu/libXau.so.6.0.0
      0x7fffeb81d000     0x7fffeb81e000     0x1000     0x3000  r--p   /usr/lib/x86_64-linux-gnu/libXau.so.6.0.0
      0x7fffeb81e000     0x7fffeb81f000     0x1000     0x4000  rw-p   /usr/lib/x86_64-linux-gnu/libXau.so.6.0.0
      0x7fffeb81f000     0x7fffeb821000     0x2000        0x0  r--p   /usr/lib/x86_64-linux-gnu/libXNVCtrl.so.0.0.0
      0x7fffeb821000     0x7fffeb825000     0x4000     0x2000  r-xp   /usr/lib/x86_64-linux-gnu/libXNVCtrl.so.0.0.0
      0x7fffeb825000     0x7fffeb826000     0x1000     0x6000  r--p   /usr/lib/x86_64-linux-gnu/libXNVCtrl.so.0.0.0
      0x7fffeb826000     0x7fffeb827000     0x1000     0x6000  r--p   /usr/lib/x86_64-linux-gnu/libXNVCtrl.so.0.0.0
      0x7fffeb827000     0x7fffeb828000     0x1000     0x7000  rw-p   /usr/lib/x86_64-linux-gnu/libXNVCtrl.so.0.0.0
      0x7fffeb828000     0x7fffeb82b000     0x3000        0x0  r--p   /usr/lib/x86_64-linux-gnu/liblzma.so.5.4.5
      0x7fffeb82b000     0x7fffeb84d000    0x22000     0x3000  r-xp   /usr/lib/x86_64-linux-gnu/liblzma.so.5.4.5
      0x7fffeb84d000     0x7fffeb858000     0xb000    0x25000  r--p   /usr/lib/x86_64-linux-gnu/liblzma.so.5.4.5
      0x7fffeb858000     0x7fffeb859000     0x1000    0x30000  r--p   /usr/lib/x86_64-linux-gnu/liblzma.so.5.4.5
      0x7fffeb859000     0x7fffeb85a000     0x1000    0x31000  rw-p   /usr/lib/x86_64-linux-gnu/liblzma.so.5.4.5
      0x7fffeb85a000     0x7fffeb85b000     0x1000 0xa042b9000  rw-s   /dev/zero (deleted)
      0x7fffeb85b000     0x7fffeb85c000     0x1000 0xa042b7000  rw-s   /dev/zero (deleted)
      0x7fffeb85c000     0x7fffeb85d000     0x1000 0xa042b6000  rw-s   /dev/zero (deleted)
      0x7fffeb85d000     0x7fffeb85f000     0x2000        0x0  r--p   /usr/lib/x86_64-linux-gnu/hwloc/hwloc_pci.so
      0x7fffeb85f000     0x7fffeb861000     0x2000     0x2000  r-xp   /usr/lib/x86_64-linux-gnu/hwloc/hwloc_pci.so
      0x7fffeb861000     0x7fffeb862000     0x1000     0x4000  r--p   /usr/lib/x86_64-linux-gnu/hwloc/hwloc_pci.so
      0x7fffeb862000     0x7fffeb863000     0x1000     0x4000  r--p   /usr/lib/x86_64-linux-gnu/hwloc/hwloc_pci.so
      0x7fffeb863000     0x7fffeb864000     0x1000     0x5000  rw-p   /usr/lib/x86_64-linux-gnu/hwloc/hwloc_pci.so
      0x7fffeb864000     0x7fffeb866000     0x2000        0x0  r--p   /usr/lib/x86_64-linux-gnu/hwloc/hwloc_xml_libxml.so
      0x7fffeb866000     0x7fffeb868000     0x2000     0x2000  r-xp   /usr/lib/x86_64-linux-gnu/hwloc/hwloc_xml_libxml.so
      0x7fffeb868000     0x7fffeb869000     0x1000     0x4000  r--p   /usr/lib/x86_64-linux-gnu/hwloc/hwloc_xml_libxml.so
      0x7fffeb869000     0x7fffeb86a000     0x1000     0x4000  r--p   /usr/lib/x86_64-linux-gnu/hwloc/hwloc_xml_libxml.so
      0x7fffeb86a000     0x7fffeb86b000     0x1000     0x5000  rw-p   /usr/lib/x86_64-linux-gnu/hwloc/hwloc_xml_libxml.so
      0x7fffeb86b000     0x7fffeb86c000     0x1000        0x0  r--p   /usr/lib/x86_64-linux-gnu/libmunge.so.2.0.0
      0x7fffeb86c000     0x7fffeb870000     0x4000     0x1000  r-xp   /usr/lib/x86_64-linux-gnu/libmunge.so.2.0.0
      0x7fffeb870000     0x7fffeb871000     0x1000     0x5000  r--p   /usr/lib/x86_64-linux-gnu/libmunge.so.2.0.0
      0x7fffeb871000     0x7fffeb872000     0x1000     0x6000  r--p   /usr/lib/x86_64-linux-gnu/libmunge.so.2.0.0
      0x7fffeb872000     0x7fffeb873000     0x1000     0x7000  rw-p   /usr/lib/x86_64-linux-gnu/libmunge.so.2.0.0
      0x7fffeb873000     0x7fffeb874000     0x1000        0x0  r--p   /usr/lib/x86_64-linux-gnu/hwloc/hwloc_gl.so
      0x7fffeb874000     0x7fffeb875000     0x1000     0x1000  r-xp   /usr/lib/x86_64-linux-gnu/hwloc/hwloc_gl.so
      0x7fffeb875000     0x7fffeb876000     0x1000     0x2000  r--p   /usr/lib/x86_64-linux-gnu/hwloc/hwloc_gl.so
      0x7fffeb876000     0x7fffeb877000     0x1000     0x2000  r--p   /usr/lib/x86_64-linux-gnu/hwloc/hwloc_gl.so
      0x7fffeb877000     0x7fffeb878000     0x1000     0x3000  rw-p   /usr/lib/x86_64-linux-gnu/hwloc/hwloc_gl.so
      0x7fffeb878000     0x7fffeb879000     0x1000        0x0  r--p   /usr/lib/x86_64-linux-gnu/pmix2/lib/pmix/pmix_mca_pcompress_zlib.so
      0x7fffeb879000     0x7fffeb87a000     0x1000     0x1000  r-xp   /usr/lib/x86_64-linux-gnu/pmix2/lib/pmix/pmix_mca_pcompress_zlib.so
      0x7fffeb87a000     0x7fffeb87b000     0x1000     0x2000  r--p   /usr/lib/x86_64-linux-gnu/pmix2/lib/pmix/pmix_mca_pcompress_zlib.so
      0x7fffeb87b000     0x7fffeb87c000     0x1000     0x2000  r--p   /usr/lib/x86_64-linux-gnu/pmix2/lib/pmix/pmix_mca_pcompress_zlib.so
      0x7fffeb87c000     0x7fffeb87d000     0x1000     0x3000  rw-p   /usr/lib/x86_64-linux-gnu/pmix2/lib/pmix/pmix_mca_pcompress_zlib.so
      0x7fffeb87d000     0x7fffeb881000     0x4000        0x0  r--p   /usr/lib/x86_64-linux-gnu/openmpi/lib/openmpi3/mca_pmix_ext3x.so
      0x7fffeb881000     0x7fffeb895000    0x14000     0x4000  r-xp   /usr/lib/x86_64-linux-gnu/openmpi/lib/openmpi3/mca_pmix_ext3x.so
      0x7fffeb895000     0x7fffeb898000     0x3000    0x18000  r--p   /usr/lib/x86_64-linux-gnu/openmpi/lib/openmpi3/mca_pmix_ext3x.so
      0x7fffeb898000     0x7fffeb899000     0x1000    0x1b000  r--p   /usr/lib/x86_64-linux-gnu/openmpi/lib/openmpi3/mca_pmix_ext3x.so
      0x7fffeb899000     0x7fffeb89a000     0x1000    0x1c000  rw-p   /usr/lib/x86_64-linux-gnu/openmpi/lib/openmpi3/mca_pmix_ext3x.so
      0x7fffeb89a000     0x7fffeb89b000     0x1000        0x0  ---p   
      0x7fffeb89b000     0x7fffec09b000   0x800000        0x0  rw-p   
      0x7fffec09b000     0x7fffec09d000     0x2000        0x0  r--p   /usr/lib/x86_64-linux-gnu/openmpi/lib/openmpi3/mca_ess_singleton.so
      0x7fffec09d000     0x7fffec0a0000     0x3000     0x2000  r-xp   /usr/lib/x86_64-linux-gnu/openmpi/lib/openmpi3/mca_ess_singleton.so
      0x7fffec0a0000     0x7fffec0a1000     0x1000     0x5000  r--p   /usr/lib/x86_64-linux-gnu/openmpi/lib/openmpi3/mca_ess_singleton.so
      0x7fffec0a1000     0x7fffec0a2000     0x1000     0x5000  r--p   /usr/lib/x86_64-linux-gnu/openmpi/lib/openmpi3/mca_ess_singleton.so
      0x7fffec0a2000     0x7fffec0a3000     0x1000     0x6000  rw-p   /usr/lib/x86_64-linux-gnu/openmpi/lib/openmpi3/mca_ess_singleton.so
      0x7fffec0a3000     0x7fffec0a7000     0x4000        0x0  r--p   /usr/lib/x86_64-linux-gnu/openmpi/lib/openmpi3/mca_schizo_ompi.so
      0x7fffec0a7000     0x7fffec0a9000     0x2000     0x4000  r-xp   /usr/lib/x86_64-linux-gnu/openmpi/lib/openmpi3/mca_schizo_ompi.so
      0x7fffec0a9000     0x7fffec0ac000     0x3000     0x6000  r--p   /usr/lib/x86_64-linux-gnu/openmpi/lib/openmpi3/mca_schizo_ompi.so
      0x7fffec0ac000     0x7fffec0ad000     0x1000     0x8000  r--p   /usr/lib/x86_64-linux-gnu/openmpi/lib/openmpi3/mca_schizo_ompi.so
      0x7fffec0ad000     0x7fffec0af000     0x2000     0x9000  rw-p   /usr/lib/x86_64-linux-gnu/openmpi/lib/openmpi3/mca_schizo_ompi.so
      0x7fffec0af000     0x7fffec0b0000     0x1000        0x0  r--p   /usr/lib/x86_64-linux-gnu/openmpi/lib/openmpi3/mca_schizo_slurm.so
      0x7fffec0b0000     0x7fffec0b1000     0x1000     0x1000  r-xp   /usr/lib/x86_64-linux-gnu/openmpi/lib/openmpi3/mca_schizo_slurm.so
      0x7fffec0b1000     0x7fffec0b2000     0x1000     0x2000  r--p   /usr/lib/x86_64-linux-gnu/openmpi/lib/openmpi3/mca_schizo_slurm.so
      0x7fffec0b2000     0x7fffec0b3000     0x1000     0x2000  r--p   /usr/lib/x86_64-linux-gnu/openmpi/lib/openmpi3/mca_schizo_slurm.so
      0x7fffec0b3000     0x7fffec0b4000     0x1000     0x3000  rw-p   /usr/lib/x86_64-linux-gnu/openmpi/lib/openmpi3/mca_schizo_slurm.so
      0x7fffec0b4000     0x7fffec0bc000     0x8000        0x0  r--p   /usr/lib/x86_64-linux-gnu/libnl-3.so.200.26.0
      0x7fffec0bc000     0x7fffec0cb000     0xf000     0x8000  r-xp   /usr/lib/x86_64-linux-gnu/libnl-3.so.200.26.0
      0x7fffec0cb000     0x7fffec0d3000     0x8000    0x17000  r--p   /usr/lib/x86_64-linux-gnu/libnl-3.so.200.26.0
      0x7fffec0d3000     0x7fffec0d5000     0x2000    0x1e000  r--p   /usr/lib/x86_64-linux-gnu/libnl-3.so.200.26.0
      0x7fffec0d5000     0x7fffec0d6000     0x1000    0x20000  rw-p   /usr/lib/x86_64-linux-gnu/libnl-3.so.200.26.0
      0x7fffec0d6000     0x7fffec0d7000     0x1000        0x0  r--p   /usr/lib/x86_64-linux-gnu/openmpi/lib/openmpi3/mca_schizo_flux.so
      0x7fffec0d7000     0x7fffec0d8000     0x1000     0x1000  r-xp   /usr/lib/x86_64-linux-gnu/openmpi/lib/openmpi3/mca_schizo_flux.so
      0x7fffec0d8000     0x7fffec0d9000     0x1000     0x2000  r--p   /usr/lib/x86_64-linux-gnu/openmpi/lib/openmpi3/mca_schizo_flux.so
      0x7fffec0d9000     0x7fffec0da000     0x1000     0x2000  r--p   /usr/lib/x86_64-linux-gnu/openmpi/lib/openmpi3/mca_schizo_flux.so
      0x7fffec0da000     0x7fffec0db000     0x1000     0x3000  rw-p   /usr/lib/x86_64-linux-gnu/openmpi/lib/openmpi3/mca_schizo_flux.so
      0x7fffec0db000     0x7fffec0dc000     0x1000        0x0  r--p   /usr/lib/x86_64-linux-gnu/openmpi/lib/openmpi3/mca_schizo_jsm.so
      0x7fffec0dc000     0x7fffec0dd000     0x1000     0x1000  r-xp   /usr/lib/x86_64-linux-gnu/openmpi/lib/openmpi3/mca_schizo_jsm.so
      0x7fffec0dd000     0x7fffec0de000     0x1000     0x2000  r--p   /usr/lib/x86_64-linux-gnu/openmpi/lib/openmpi3/mca_schizo_jsm.so
      0x7fffec0de000     0x7fffec0df000     0x1000     0x2000  r--p   /usr/lib/x86_64-linux-gnu/openmpi/lib/openmpi3/mca_schizo_jsm.so
      0x7fffec0df000     0x7fffec0e0000     0x1000     0x3000  rw-p   /usr/lib/x86_64-linux-gnu/openmpi/lib/openmpi3/mca_schizo_jsm.so
      0x7fffec0e0000     0x7fffec0e1000     0x1000        0x0  r--p   /usr/lib/x86_64-linux-gnu/openmpi/lib/openmpi3/mca_reachable_netlink.so
      0x7fffec0e1000     0x7fffec0e3000     0x2000     0x1000  r-xp   /usr/lib/x86_64-linux-gnu/openmpi/lib/openmpi3/mca_reachable_netlink.so
      0x7fffec0e3000     0x7fffec0e4000     0x1000     0x3000  r--p   /usr/lib/x86_64-linux-gnu/openmpi/lib/openmpi3/mca_reachable_netlink.so
      0x7fffec0e4000     0x7fffec0e5000     0x1000     0x3000  r--p   /usr/lib/x86_64-linux-gnu/openmpi/lib/openmpi3/mca_reachable_netlink.so
      0x7fffec0e5000     0x7fffec0e6000     0x1000     0x4000  rw-p   /usr/lib/x86_64-linux-gnu/openmpi/lib/openmpi3/mca_reachable_netlink.so
      0x7fffec0e6000     0x7fffec0e7000     0x1000        0x0  r--p   /usr/lib/x86_64-linux-gnu/openmpi/lib/openmpi3/mca_schizo_orte.so
      0x7fffec0e7000     0x7fffec0e8000     0x1000     0x1000  r-xp   /usr/lib/x86_64-linux-gnu/openmpi/lib/openmpi3/mca_schizo_orte.so
      0x7fffec0e8000     0x7fffec0e9000     0x1000     0x2000  r--p   /usr/lib/x86_64-linux-gnu/openmpi/lib/openmpi3/mca_schizo_orte.so
      0x7fffec0e9000     0x7fffec0ea000     0x1000     0x2000  r--p   /usr/lib/x86_64-linux-gnu/openmpi/lib/openmpi3/mca_schizo_orte.so
      0x7fffec0ea000     0x7fffec0eb000     0x1000     0x3000  rw-p   /usr/lib/x86_64-linux-gnu/openmpi/lib/openmpi3/mca_schizo_orte.so
      0x7fffec0eb000     0x7fffec0f1000     0x6000        0x0  r--p   /usr/lib/x86_64-linux-gnu/libhwloc.so.15.7.0
      0x7fffec0f1000     0x7fffec138000    0x47000     0x6000  r-xp   /usr/lib/x86_64-linux-gnu/libhwloc.so.15.7.0
      0x7fffec138000     0x7fffec14a000    0x12000    0x4d000  r--p   /usr/lib/x86_64-linux-gnu/libhwloc.so.15.7.0
      0x7fffec14a000     0x7fffec14b000     0x1000    0x5e000  r--p   /usr/lib/x86_64-linux-gnu/libhwloc.so.15.7.0
      0x7fffec14b000     0x7fffec14c000     0x1000    0x5f000  rw-p   /usr/lib/x86_64-linux-gnu/libhwloc.so.15.7.0
      0x7fffec14c000     0x7fffec169000    0x1d000        0x0  r--p   /usr/lib/x86_64-linux-gnu/libopen-pal.so.40.30.3
      0x7fffec169000     0x7fffec1d5000    0x6c000    0x1d000  r-xp   /usr/lib/x86_64-linux-gnu/libopen-pal.so.40.30.3
      0x7fffec1d5000     0x7fffec1f1000    0x1c000    0x89000  r--p   /usr/lib/x86_64-linux-gnu/libopen-pal.so.40.30.3
      0x7fffec1f1000     0x7fffec1f4000     0x3000    0xa4000  r--p   /usr/lib/x86_64-linux-gnu/libopen-pal.so.40.30.3
      0x7fffec1f4000     0x7fffec1f9000     0x5000    0xa7000  rw-p   /usr/lib/x86_64-linux-gnu/libopen-pal.so.40.30.3
      0x7fffec1f9000     0x7fffec200000     0x7000        0x0  rw-p   
      0x7fffec200000     0x7fffec228000    0x28000        0x0  r--p   /usr/lib/x86_64-linux-gnu/libc.so.6
      0x7fffec228000     0x7fffec3b0000   0x188000    0x28000  r-xp   /usr/lib/x86_64-linux-gnu/libc.so.6
      0x7fffec3b0000     0x7fffec3ff000    0x4f000   0x1b0000  r--p   /usr/lib/x86_64-linux-gnu/libc.so.6
      0x7fffec3ff000     0x7fffec403000     0x4000   0x1fe000  r--p   /usr/lib/x86_64-linux-gnu/libc.so.6
      0x7fffec403000     0x7fffec405000     0x2000   0x202000  rw-p   /usr/lib/x86_64-linux-gnu/libc.so.6
      0x7fffec405000     0x7fffec419000    0x14000        0x0  rw-p   
      0x7fffec419000     0x7fffec41c000     0x3000        0x0  r--p   /usr/lib/x86_64-linux-gnu/libcap.so.2.66
      0x7fffec41c000     0x7fffec422000     0x6000     0x3000  r-xp   /usr/lib/x86_64-linux-gnu/libcap.so.2.66
      0x7fffec422000     0x7fffec424000     0x2000     0x9000  r--p   /usr/lib/x86_64-linux-gnu/libcap.so.2.66
      0x7fffec424000     0x7fffec425000     0x1000     0xb000  r--p   /usr/lib/x86_64-linux-gnu/libcap.so.2.66
      0x7fffec425000     0x7fffec426000     0x1000     0xc000  rw-p   /usr/lib/x86_64-linux-gnu/libcap.so.2.66
      0x7fffec426000     0x7fffec42f000     0x9000        0x0  r--p   /usr/lib/x86_64-linux-gnu/libevent_core-2.1.so.7.0.1
      0x7fffec42f000     0x7fffec44e000    0x1f000     0x9000  r-xp   /usr/lib/x86_64-linux-gnu/libevent_core-2.1.so.7.0.1
      0x7fffec44e000     0x7fffec459000     0xb000    0x28000  r--p   /usr/lib/x86_64-linux-gnu/libevent_core-2.1.so.7.0.1
      0x7fffec459000     0x7fffec45a000     0x1000    0x33000  r--p   /usr/lib/x86_64-linux-gnu/libevent_core-2.1.so.7.0.1
      0x7fffec45a000     0x7fffec45b000     0x1000    0x34000  rw-p   /usr/lib/x86_64-linux-gnu/libevent_core-2.1.so.7.0.1
      0x7fffec45b000     0x7fffec472000    0x17000        0x0  r--p   /usr/lib/x86_64-linux-gnu/libopen-rte.so.40.30.3
      0x7fffec472000     0x7fffec4f5000    0x83000    0x17000  r-xp   /usr/lib/x86_64-linux-gnu/libopen-rte.so.40.30.3
      0x7fffec4f5000     0x7fffec510000    0x1b000    0x9a000  r--p   /usr/lib/x86_64-linux-gnu/libopen-rte.so.40.30.3
      0x7fffec510000     0x7fffec511000     0x1000    0xb4000  r--p   /usr/lib/x86_64-linux-gnu/libopen-rte.so.40.30.3
      0x7fffec511000     0x7fffec515000     0x4000    0xb5000  rw-p   /usr/lib/x86_64-linux-gnu/libopen-rte.so.40.30.3
      0x7fffec515000     0x7fffec517000     0x2000        0x0  rw-p   
      0x7fffec517000     0x7fffec527000    0x10000        0x0  r--p   /usr/lib/x86_64-linux-gnu/libm.so.6
      0x7fffec527000     0x7fffec5a6000    0x7f000    0x10000  r-xp   /usr/lib/x86_64-linux-gnu/libm.so.6
      0x7fffec5a6000     0x7fffec5fe000    0x58000    0x8f000  r--p   /usr/lib/x86_64-linux-gnu/libm.so.6
      0x7fffec5fe000     0x7fffec5ff000     0x1000    0xe7000  r--p   /usr/lib/x86_64-linux-gnu/libm.so.6
      0x7fffec5ff000     0x7fffec600000     0x1000    0xe8000  rw-p   /usr/lib/x86_64-linux-gnu/libm.so.6
      0x7fffec600000     0x7fffec69d000    0x9d000        0x0  r--p   /usr/lib/x86_64-linux-gnu/libstdc++.so.6.0.33
      0x7fffec69d000     0x7fffec7e5000   0x148000    0x9d000  r-xp   /usr/lib/x86_64-linux-gnu/libstdc++.so.6.0.33
      0x7fffec7e5000     0x7fffec86c000    0x87000   0x1e5000  r--p   /usr/lib/x86_64-linux-gnu/libstdc++.so.6.0.33
      0x7fffec86c000     0x7fffec877000     0xb000   0x26b000  r--p   /usr/lib/x86_64-linux-gnu/libstdc++.so.6.0.33
      0x7fffec877000     0x7fffec87a000     0x3000   0x276000  rw-p   /usr/lib/x86_64-linux-gnu/libstdc++.so.6.0.33
      0x7fffec87a000     0x7fffec87e000     0x4000        0x0  rw-p   
      0x7fffec87e000     0x7fffec87f000     0x1000 0xa042b5000  rw-s   /dev/zero (deleted)
      0x7fffec87f000     0x7fffec884000     0x5000        0x0  r--p   /usr/lib/x86_64-linux-gnu/libudev.so.1.7.8
      0x7fffec884000     0x7fffec8a6000    0x22000     0x5000  r-xp   /usr/lib/x86_64-linux-gnu/libudev.so.1.7.8
      0x7fffec8a6000     0x7fffec8b0000     0xa000    0x27000  r--p   /usr/lib/x86_64-linux-gnu/libudev.so.1.7.8
      0x7fffec8b0000     0x7fffec8b1000     0x1000    0x31000  r--p   /usr/lib/x86_64-linux-gnu/libudev.so.1.7.8
      0x7fffec8b1000     0x7fffec8b2000     0x1000    0x32000  rw-p   /usr/lib/x86_64-linux-gnu/libudev.so.1.7.8
      0x7fffec8b2000     0x7fffec8b4000     0x2000        0x0  r--p   /usr/lib/x86_64-linux-gnu/libz.so.1.3
      0x7fffec8b4000     0x7fffec8c6000    0x12000     0x2000  r-xp   /usr/lib/x86_64-linux-gnu/libz.so.1.3
      0x7fffec8c6000     0x7fffec8cc000     0x6000    0x14000  r--p   /usr/lib/x86_64-linux-gnu/libz.so.1.3
      0x7fffec8cc000     0x7fffec8cd000     0x1000    0x1a000  r--p   /usr/lib/x86_64-linux-gnu/libz.so.1.3
      0x7fffec8cd000     0x7fffec8ce000     0x1000    0x1b000  rw-p   /usr/lib/x86_64-linux-gnu/libz.so.1.3
      0x7fffec8ce000     0x7fffec8f5000    0x27000        0x0  r--p   /usr/lib/x86_64-linux-gnu/libmpi.so.40.30.6
      0x7fffec8f5000     0x7fffec9bc000    0xc7000    0x27000  r-xp   /usr/lib/x86_64-linux-gnu/libmpi.so.40.30.6
      0x7fffec9bc000     0x7fffec9dc000    0x20000    0xee000  r--p   /usr/lib/x86_64-linux-gnu/libmpi.so.40.30.6
      0x7fffec9dc000     0x7fffec9de000     0x2000   0x10e000  r--p   /usr/lib/x86_64-linux-gnu/libmpi.so.40.30.6
      0x7fffec9de000     0x7fffec9ef000    0x11000   0x110000  rw-p   /usr/lib/x86_64-linux-gnu/libmpi.so.40.30.6
      0x7fffec9ef000     0x7fffeca00000    0x11000        0x0  rw-p   
      0x7fffeca00000     0x7fffeca4e000    0x4e000        0x0  r--p   /usr/lib/x86_64-linux-gnu/libnccl.so.2.28.7
      0x7fffeca4e000     0x7fffecc20000   0x1d2000    0x4e000  r-xp   /usr/lib/x86_64-linux-gnu/libnccl.so.2.28.7
      0x7fffecc20000     0x7ffff7efd000  0xb2dd000   0x220000  r--p   /usr/lib/x86_64-linux-gnu/libnccl.so.2.28.7
      0x7ffff7efd000     0x7ffff7f07000     0xa000  0xb4fd000  r--p   /usr/lib/x86_64-linux-gnu/libnccl.so.2.28.7
      0x7ffff7f07000     0x7ffff7f20000    0x19000  0xb507000  rw-p   /usr/lib/x86_64-linux-gnu/libnccl.so.2.28.7
      0x7ffff7f20000     0x7ffff7f5b000    0x3b000        0x0  rw-p   
      0x7ffff7f5b000     0x7ffff7f5c000     0x1000 0xa042b3000  rw-s   /dev/zero (deleted)
      0x7ffff7f5c000     0x7ffff7f5d000     0x1000 0xa042b2000  rw-s   /dev/zero (deleted)
      0x7ffff7f5d000     0x7ffff7f63000     0x6000        0x0  rw-p   
      0x7ffff7f63000     0x7ffff7f64000     0x1000        0x0  r--p   /usr/lib/x86_64-linux-gnu/libevent_pthreads-2.1.so.7.0.1
      0x7ffff7f64000     0x7ffff7f65000     0x1000     0x1000  r-xp   /usr/lib/x86_64-linux-gnu/libevent_pthreads-2.1.so.7.0.1
      0x7ffff7f65000     0x7ffff7f66000     0x1000     0x2000  r--p   /usr/lib/x86_64-linux-gnu/libevent_pthreads-2.1.so.7.0.1
      0x7ffff7f66000     0x7ffff7f67000     0x1000     0x2000  r--p   /usr/lib/x86_64-linux-gnu/libevent_pthreads-2.1.so.7.0.1
      0x7ffff7f67000     0x7ffff7f68000     0x1000     0x3000  rw-p   /usr/lib/x86_64-linux-gnu/libevent_pthreads-2.1.so.7.0.1
      0x7ffff7f68000     0x7ffff7f6c000     0x4000        0x0  rw-p   
      0x7ffff7f6c000     0x7ffff7f70000     0x4000        0x0  r--p   /usr/lib/x86_64-linux-gnu/libgcc_s.so.1
      0x7ffff7f70000     0x7ffff7f94000    0x24000     0x4000  r-xp   /usr/lib/x86_64-linux-gnu/libgcc_s.so.1
      0x7ffff7f94000     0x7ffff7f98000     0x4000    0x28000  r--p   /usr/lib/x86_64-linux-gnu/libgcc_s.so.1
      0x7ffff7f98000     0x7ffff7f99000     0x1000    0x2b000  r--p   /usr/lib/x86_64-linux-gnu/libgcc_s.so.1
      0x7ffff7f99000     0x7ffff7f9a000     0x1000    0x2c000  rw-p   /usr/lib/x86_64-linux-gnu/libgcc_s.so.1
      0x7ffff7f9a000     0x7ffff7fa5000     0xb000        0x0  r--p   /usr/lib/x86_64-linux-gnu/libmpi_cxx.so.40.30.1
      0x7ffff7fa5000     0x7ffff7fad000     0x8000     0xb000  r-xp   /usr/lib/x86_64-linux-gnu/libmpi_cxx.so.40.30.1
      0x7ffff7fad000     0x7ffff7fb0000     0x3000    0x13000  r--p   /usr/lib/x86_64-linux-gnu/libmpi_cxx.so.40.30.1
      0x7ffff7fb0000     0x7ffff7fb2000     0x2000    0x16000  r--p   /usr/lib/x86_64-linux-gnu/libmpi_cxx.so.40.30.1
      0x7ffff7fb2000     0x7ffff7fb3000     0x1000    0x18000  rw-p   /usr/lib/x86_64-linux-gnu/libmpi_cxx.so.40.30.1
      0x7ffff7fb3000     0x7ffff7fb4000     0x1000 0xa042b1000  rw-s   /dev/zero (deleted)
      0x7ffff7fb4000     0x7ffff7fb5000     0x1000 0xa042af000  rw-s   /dev/zero (deleted)
      0x7ffff7fb5000     0x7ffff7fb6000     0x1000 0xa042ae000  rw-s   /dev/zero (deleted)
      0x7ffff7fb6000     0x7ffff7fb7000     0x1000 0xa042ad000  rw-s   /dev/zero (deleted)
      0x7ffff7fb7000     0x7ffff7fb8000     0x1000        0x0  r--p   /usr/lib/x86_64-linux-gnu/openmpi/lib/openmpi3/mca_shmem_mmap.so
      0x7ffff7fb8000     0x7ffff7fba000     0x2000     0x1000  r-xp   /usr/lib/x86_64-linux-gnu/openmpi/lib/openmpi3/mca_shmem_mmap.so
      0x7ffff7fba000     0x7ffff7fbb000     0x1000     0x3000  r--p   /usr/lib/x86_64-linux-gnu/openmpi/lib/openmpi3/mca_shmem_mmap.so
      0x7ffff7fbb000     0x7ffff7fbc000     0x1000     0x3000  r--p   /usr/lib/x86_64-linux-gnu/openmpi/lib/openmpi3/mca_shmem_mmap.so
      0x7ffff7fbc000     0x7ffff7fbd000     0x1000     0x4000  rw-p   /usr/lib/x86_64-linux-gnu/openmpi/lib/openmpi3/mca_shmem_mmap.so
      0x7ffff7fbd000     0x7ffff7fbf000     0x2000        0x0  rw-p   
      0x7ffff7fbf000     0x7ffff7fc3000     0x4000        0x0  r--p   [vvar]
      0x7ffff7fc3000     0x7ffff7fc5000     0x2000        0x0  r-xp   [vdso]
      0x7ffff7fc5000     0x7ffff7fc6000     0x1000        0x0  r--p   /usr/lib/x86_64-linux-gnu/ld-linux-x86-64.so.2
      0x7ffff7fc6000     0x7ffff7ff1000    0x2b000     0x1000  r-xp   /usr/lib/x86_64-linux-gnu/ld-linux-x86-64.so.2
      0x7ffff7ff1000     0x7ffff7ffb000     0xa000    0x2c000  r--p   /usr/lib/x86_64-linux-gnu/ld-linux-x86-64.so.2
      0x7ffff7ffb000     0x7ffff7ffd000     0x2000    0x36000  r--p   /usr/lib/x86_64-linux-gnu/ld-linux-x86-64.so.2
      0x7ffff7ffd000     0x7ffff7fff000     0x2000    0x38000  rw-p   /usr/lib/x86_64-linux-gnu/ld-linux-x86-64.so.2
      0x7ffffffdc000     0x7ffffffff000    0x23000        0x0  rw-p   [stack]
